  [1m[35m (569.2ms)[0m  [1m[35mCREATE DATABASE "RedditClone_development" ENCODING = 'unicode'[0m
  ↳ bin/rails:9
  [1m[35m (249.4ms)[0m  [1m[35mCREATE DATABASE "RedditClone_test" ENCODING = 'unicode'[0m
  ↳ bin/rails:9
  [1m[35m (143.6ms)[0m  [1m[35mCREATE TABLE "schema_migrations" ("version" character varying NOT NULL PRIMARY KEY)[0m
  ↳ bin/rails:9
  [1m[35m (6.4ms)[0m  [1m[35mCREATE TABLE "ar_internal_metadata" ("key" character varying NOT NULL PRIMARY KEY, "value" character varying, "created_at" timestamp NOT NULL, "updated_at" timestamp NOT NULL)[0m
  ↳ bin/rails:9
  [1m[35m (14.9ms)[0m  [1m[34mSELECT pg_try_advisory_lock(6711173107426626090)[0m
  ↳ bin/rails:9
  [1m[35m (1.8ms)[0m  [1m[34mSELECT "schema_migrations"."version" FROM "schema_migrations" ORDER BY "schema_migrations"."version" ASC[0m
  ↳ bin/rails:9
Migrating to CreateUsers (20190409171343)
  [1m[35m (0.3ms)[0m  [1m[35mBEGIN[0m
  ↳ bin/rails:9
  [1m[35m (52.8ms)[0m  [1m[35mCREATE TABLE "users" ("id" bigserial primary key, "password_digest" character varying NOT NULL, "username" character varying NOT NULL, "session_token" character varying NOT NULL, "created_at" timestamp NOT NULL, "updated_at" timestamp NOT NULL)[0m
  ↳ db/migrate/20190409171343_create_users.rb:3
  [1m[35m (16.7ms)[0m  [1m[35mCREATE UNIQUE INDEX  "index_users_on_username" ON "users"  ("username")[0m
  ↳ db/migrate/20190409171343_create_users.rb:9
  [1m[35m (1.2ms)[0m  [1m[35mCREATE UNIQUE INDEX  "index_users_on_session_token" ON "users"  ("session_token")[0m
  ↳ db/migrate/20190409171343_create_users.rb:10
  [1m[36mActiveRecord::SchemaMigration Create (21.8ms)[0m  [1m[32mINSERT INTO "schema_migrations" ("version") VALUES ($1) RETURNING "version"[0m  [["version", "20190409171343"]]
  ↳ bin/rails:9
  [1m[35m (0.7ms)[0m  [1m[35mCOMMIT[0m
  ↳ bin/rails:9
  [1m[36mActiveRecord::InternalMetadata Load (1.0ms)[0m  [1m[34mSELECT  "ar_internal_metadata".* FROM "ar_internal_metadata" WHERE "ar_internal_metadata"."key" = $1 LIMIT $2[0m  [["key", "environment"], ["LIMIT", 1]]
  ↳ bin/rails:9
  [1m[35m (0.2ms)[0m  [1m[35mBEGIN[0m
  ↳ bin/rails:9
  [1m[36mActiveRecord::InternalMetadata Create (11.3ms)[0m  [1m[32mINSERT INTO "ar_internal_metadata" ("key", "value", "created_at", "updated_at") VALUES ($1, $2, $3, $4) RETURNING "key"[0m  [["key", "environment"], ["value", "development"], ["created_at", "2019-04-09 17:15:46.086653"], ["updated_at", "2019-04-09 17:15:46.086653"]]
  ↳ bin/rails:9
  [1m[35m (0.5ms)[0m  [1m[35mCOMMIT[0m
  ↳ bin/rails:9
  [1m[35m (0.3ms)[0m  [1m[34mSELECT pg_advisory_unlock(6711173107426626090)[0m
  ↳ bin/rails:9
  [1m[35m (0.7ms)[0m  [1m[34mSELECT "schema_migrations"."version" FROM "schema_migrations" ORDER BY "schema_migrations"."version" ASC[0m
  ↳ bin/rails:9
  [1m[35m (1.2ms)[0m  [1m[34mSELECT "schema_migrations"."version" FROM "schema_migrations" ORDER BY "schema_migrations"."version" ASC[0m
  ↳ /usr/local/var/rbenv/versions/2.5.1/bin/annotate:23
  [1m[35m (0.4ms)[0m  [1m[34mSELECT pg_try_advisory_lock(6711173107426626090)[0m
  ↳ bin/rails:9
  [1m[35m (12.9ms)[0m  [1m[34mSELECT "schema_migrations"."version" FROM "schema_migrations" ORDER BY "schema_migrations"."version" ASC[0m
  ↳ bin/rails:9
Migrating to CreateSubs (20190409174746)
  [1m[35m (0.2ms)[0m  [1m[35mBEGIN[0m
  ↳ bin/rails:9
  [1m[35m (8.5ms)[0m  [1m[35mCREATE TABLE "subs" ("id" bigserial primary key, "title" character varying NOT NULL, "description" text NOT NULL, "user_id" integer NOT NULL, "created_at" timestamp NOT NULL, "updated_at" timestamp NOT NULL)[0m
  ↳ db/migrate/20190409174746_create_subs.rb:3
  [1m[35m (17.0ms)[0m  [1m[35mCREATE  INDEX  "index_users_on_user_id" ON "users"  ("user_id")[0m
  ↳ db/migrate/20190409174746_create_subs.rb:9
  [1m[35m (0.2ms)[0m  [1m[31mROLLBACK[0m
  ↳ bin/rails:9
  [1m[35m (0.3ms)[0m  [1m[34mSELECT pg_advisory_unlock(6711173107426626090)[0m
  ↳ bin/rails:9
  [1m[35m (0.4ms)[0m  [1m[34mSELECT pg_try_advisory_lock(6711173107426626090)[0m
  ↳ bin/rails:9
  [1m[35m (1.1ms)[0m  [1m[34mSELECT "schema_migrations"."version" FROM "schema_migrations" ORDER BY "schema_migrations"."version" ASC[0m
  ↳ bin/rails:9
Migrating to CreateSubs (20190409174746)
  [1m[35m (0.3ms)[0m  [1m[35mBEGIN[0m
  ↳ bin/rails:9
  [1m[35m (49.7ms)[0m  [1m[35mCREATE TABLE "subs" ("id" bigserial primary key, "title" character varying NOT NULL, "description" text NOT NULL, "user_id" integer NOT NULL, "created_at" timestamp NOT NULL, "updated_at" timestamp NOT NULL)[0m
  ↳ db/migrate/20190409174746_create_subs.rb:3
  [1m[35m (1.8ms)[0m  [1m[35mCREATE  INDEX  "index_subs_on_user_id" ON "subs"  ("user_id")[0m
  ↳ db/migrate/20190409174746_create_subs.rb:9
  [1m[36mActiveRecord::SchemaMigration Create (0.6ms)[0m  [1m[32mINSERT INTO "schema_migrations" ("version") VALUES ($1) RETURNING "version"[0m  [["version", "20190409174746"]]
  ↳ bin/rails:9
  [1m[35m (27.7ms)[0m  [1m[35mCOMMIT[0m
  ↳ bin/rails:9
  [1m[36mActiveRecord::InternalMetadata Load (16.5ms)[0m  [1m[34mSELECT  "ar_internal_metadata".* FROM "ar_internal_metadata" WHERE "ar_internal_metadata"."key" = $1 LIMIT $2[0m  [["key", "environment"], ["LIMIT", 1]]
  ↳ bin/rails:9
  [1m[35m (0.2ms)[0m  [1m[35mBEGIN[0m
  ↳ bin/rails:9
  [1m[35m (0.2ms)[0m  [1m[35mCOMMIT[0m
  ↳ bin/rails:9
  [1m[35m (0.4ms)[0m  [1m[34mSELECT pg_advisory_unlock(6711173107426626090)[0m
  ↳ bin/rails:9
  [1m[35m (0.3ms)[0m  [1m[34mSELECT "schema_migrations"."version" FROM "schema_migrations" ORDER BY "schema_migrations"."version" ASC[0m
  ↳ bin/rails:9
Started GET "/" for ::1 at 2019-04-09 11:18:04 -0700
Started GET "/" for ::1 at 2019-04-09 11:18:04 -0700
  [1m[35m (13.2ms)[0m  [1m[34mSELECT "schema_migrations"."version" FROM "schema_migrations" ORDER BY "schema_migrations"."version" ASC[0m
  [1m[35m (14.0ms)[0m  [1m[34mSELECT "schema_migrations"."version" FROM "schema_migrations" ORDER BY "schema_migrations"."version" ASC[0m
  ↳ /usr/local/var/rbenv/versions/2.5.1/lib/ruby/gems/2.5.0/gems/activerecord-5.2.3/lib/active_record/log_subscriber.rb:98
  ↳ /usr/local/var/rbenv/versions/2.5.1/lib/ruby/gems/2.5.0/gems/activerecord-5.2.3/lib/active_record/log_subscriber.rb:98
Started GET "/" for ::1 at 2019-04-09 11:26:08 -0700
  [1m[35m (1.3ms)[0m  [1m[34mSELECT "schema_migrations"."version" FROM "schema_migrations" ORDER BY "schema_migrations"."version" ASC[0m
  ↳ /usr/local/var/rbenv/versions/2.5.1/lib/ruby/gems/2.5.0/gems/activerecord-5.2.3/lib/active_record/log_subscriber.rb:98
Processing by Rails::WelcomeController#index as HTML
  Rendering /usr/local/var/rbenv/versions/2.5.1/lib/ruby/gems/2.5.0/gems/railties-5.2.3/lib/rails/templates/rails/welcome/index.html.erb
  Rendered /usr/local/var/rbenv/versions/2.5.1/lib/ruby/gems/2.5.0/gems/railties-5.2.3/lib/rails/templates/rails/welcome/index.html.erb (5.3ms)
Completed 200 OK in 96ms (Views: 46.7ms | ActiveRecord: 0.0ms)


Started GET "/users/new" for ::1 at 2019-04-09 11:27:02 -0700
Processing by UsersController#new as HTML
  Rendering users/new.html.erb within layouts/application
  Rendered users/new.html.erb within layouts/application (1.5ms)
  [1m[36mUser Load (1.8ms)[0m  [1m[34mSELECT  "users".* FROM "users" WHERE "users"."session_token" IS NULL LIMIT $1[0m  [["LIMIT", 1]]
  ↳ app/controllers/application_controller.rb:9
Completed 200 OK in 1747ms (Views: 1651.7ms | ActiveRecord: 10.0ms)


Started POST "/users" for ::1 at 2019-04-09 11:27:42 -0700
Processing by UsersController#create as HTML
  Parameters: {"authenticity_token"=>"GIss7xdFMoLOoW6ZG1pjo/MAemZKHGxnK1B+O83IBSjod2KAyFSSDRLSBP0bQyVHFJciWI+vf5r++XeaOboDMQ==", "user"=>{"username"=>"yinglan", "password"=>"[FILTERED]"}}
  [1m[35m (0.3ms)[0m  [1m[35mBEGIN[0m
  ↳ app/controllers/users_controller.rb:8
  [1m[36mUser Exists (0.8ms)[0m  [1m[34mSELECT  1 AS one FROM "users" WHERE "users"."username" = $1 LIMIT $2[0m  [["username", "yinglan"], ["LIMIT", 1]]
  ↳ app/controllers/users_controller.rb:8
  [1m[36mUser Exists (0.4ms)[0m  [1m[34mSELECT  1 AS one FROM "users" WHERE "users"."session_token" = $1 LIMIT $2[0m  [["session_token", "wCNcGlz5hWEMwJdvgzbP5w"], ["LIMIT", 1]]
  ↳ app/controllers/users_controller.rb:8
  [1m[36mUser Create (1.1ms)[0m  [1m[32mINSERT INTO "users" ("password_digest", "username", "session_token", "created_at", "updated_at") VALUES ($1, $2, $3, $4, $5) RETURNING "id"[0m  [["password_digest", "$2a$10$K1XkxA8Si/KZR.oxQpE.meKvWAXp3fywcGSqEOh3Gu/Do/j9N6TW2"], ["username", "yinglan"], ["session_token", "wCNcGlz5hWEMwJdvgzbP5w"], ["created_at", "2019-04-09 18:27:42.352324"], ["updated_at", "2019-04-09 18:27:42.352324"]]
  ↳ app/controllers/users_controller.rb:8
  [1m[35m (7.3ms)[0m  [1m[35mCOMMIT[0m
  ↳ app/controllers/users_controller.rb:8
  [1m[35m (0.2ms)[0m  [1m[35mBEGIN[0m
  ↳ app/models/user.rb:42
  [1m[36mUser Exists (0.6ms)[0m  [1m[34mSELECT  1 AS one FROM "users" WHERE "users"."username" = $1 AND "users"."id" != $2 LIMIT $3[0m  [["username", "yinglan"], ["id", 1], ["LIMIT", 1]]
  ↳ app/models/user.rb:42
  [1m[36mUser Exists (0.5ms)[0m  [1m[34mSELECT  1 AS one FROM "users" WHERE "users"."session_token" = $1 AND "users"."id" != $2 LIMIT $3[0m  [["session_token", "pKr5Xr6MBt6YeTFLd3l9rQ"], ["id", 1], ["LIMIT", 1]]
  ↳ app/models/user.rb:42
  [1m[36mUser Update (18.4ms)[0m  [1m[33mUPDATE "users" SET "session_token" = $1, "updated_at" = $2 WHERE "users"."id" = $3[0m  [["session_token", "pKr5Xr6MBt6YeTFLd3l9rQ"], ["updated_at", "2019-04-09 18:27:42.368110"], ["id", 1]]
  ↳ app/models/user.rb:42
  [1m[35m (0.6ms)[0m  [1m[35mCOMMIT[0m
  ↳ app/models/user.rb:42
Redirected to http://localhost:3000/subs
Completed 302 Found in 134ms (ActiveRecord: 30.2ms)


Started GET "/subs" for ::1 at 2019-04-09 11:27:42 -0700
Processing by SubsController#index as HTML
  Rendering subs/index.html.erb within layouts/application
  [1m[36mSub Load (9.4ms)[0m  [1m[34mSELECT "subs".* FROM "subs"[0m
  ↳ app/views/subs/index.html.erb:3
  Rendered subs/index.html.erb within layouts/application (14.6ms)
  [1m[36mUser Load (0.6ms)[0m  [1m[34mSELECT  "users".* FROM "users" WHERE "users"."session_token" = $1 LIMIT $2[0m  [["session_token", "pKr5Xr6MBt6YeTFLd3l9rQ"], ["LIMIT", 1]]
  ↳ app/controllers/application_controller.rb:9
Completed 200 OK in 107ms (Views: 45.7ms | ActiveRecord: 12.4ms)


Started DELETE "/session" for ::1 at 2019-04-09 11:27:48 -0700
Processing by SessionsController#destroy as HTML
  Parameters: {"authenticity_token"=>"Us+RPUNSIhtoNV6qzSWOJpOwXDm+BSpp1UzeSornB/GiM99SnEOClLRGNM7NPMjCdCcEB3u2OZQA5dfrfpUB6A=="}
  [1m[36mUser Load (0.6ms)[0m  [1m[34mSELECT  "users".* FROM "users" WHERE "users"."session_token" = $1 LIMIT $2[0m  [["session_token", "pKr5Xr6MBt6YeTFLd3l9rQ"], ["LIMIT", 1]]
  ↳ app/controllers/application_controller.rb:9
  [1m[35m (0.3ms)[0m  [1m[35mBEGIN[0m
  ↳ app/models/user.rb:42
  [1m[36mUser Exists (0.7ms)[0m  [1m[34mSELECT  1 AS one FROM "users" WHERE "users"."username" = $1 AND "users"."id" != $2 LIMIT $3[0m  [["username", "yinglan"], ["id", 1], ["LIMIT", 1]]
  ↳ app/models/user.rb:42
  [1m[36mUser Exists (0.7ms)[0m  [1m[34mSELECT  1 AS one FROM "users" WHERE "users"."session_token" = $1 AND "users"."id" != $2 LIMIT $3[0m  [["session_token", "-w6lRJTqMDHp_Ul6Yj5eSg"], ["id", 1], ["LIMIT", 1]]
  ↳ app/models/user.rb:42
  [1m[36mUser Update (0.9ms)[0m  [1m[33mUPDATE "users" SET "session_token" = $1, "updated_at" = $2 WHERE "users"."id" = $3[0m  [["session_token", "-w6lRJTqMDHp_Ul6Yj5eSg"], ["updated_at", "2019-04-09 18:27:48.130853"], ["id", 1]]
  ↳ app/models/user.rb:42
  [1m[35m (0.6ms)[0m  [1m[35mCOMMIT[0m
  ↳ app/models/user.rb:42
Redirected to http://localhost:3000/session/new
Completed 302 Found in 14ms (ActiveRecord: 3.8ms)


Started GET "/session/new" for ::1 at 2019-04-09 11:27:48 -0700
Processing by SessionsController#new as HTML
  Rendering sessions/new.html.erb within layouts/application
  Rendered sessions/new.html.erb within layouts/application (1.2ms)
  [1m[36mUser Load (22.6ms)[0m  [1m[34mSELECT  "users".* FROM "users" WHERE "users"."session_token" IS NULL LIMIT $1[0m  [["LIMIT", 1]]
  ↳ app/controllers/application_controller.rb:9
Completed 200 OK in 73ms (Views: 39.8ms | ActiveRecord: 22.6ms)


Started GET "/session/new" for ::1 at 2019-04-09 11:29:19 -0700
Processing by SessionsController#new as HTML
  Rendering sessions/new.html.erb within layouts/application
  Rendered sessions/new.html.erb within layouts/application (1.0ms)
  [1m[36mUser Load (0.5ms)[0m  [1m[34mSELECT  "users".* FROM "users" WHERE "users"."session_token" IS NULL LIMIT $1[0m  [["LIMIT", 1]]
  ↳ app/controllers/application_controller.rb:9
Completed 200 OK in 76ms (Views: 51.2ms | ActiveRecord: 6.0ms)


Started POST "/session" for ::1 at 2019-04-09 11:29:24 -0700
Processing by SessionsController#create as HTML
  Parameters: {"authenticity_token"=>"2ccGNGwAG5m4V1uO3slBcBJLi8o114r6FfpMJVV0r9spO0hbsxG7FmQkMere0AeU9dzT9PBkmQfAU0WEoQapwg==", "user"=>{"username"=>"yinglan", "password"=>"[FILTERED]"}}
  [1m[36mUser Load (0.5ms)[0m  [1m[34mSELECT  "users".* FROM "users" WHERE "users"."username" = $1 LIMIT $2[0m  [["username", "yinglan"], ["LIMIT", 1]]
  ↳ app/models/user.rb:36
  [1m[35m (0.2ms)[0m  [1m[35mBEGIN[0m
  ↳ app/models/user.rb:42
  [1m[36mUser Exists (0.7ms)[0m  [1m[34mSELECT  1 AS one FROM "users" WHERE "users"."username" = $1 AND "users"."id" != $2 LIMIT $3[0m  [["username", "yinglan"], ["id", 1], ["LIMIT", 1]]
  ↳ app/models/user.rb:42
  [1m[36mUser Exists (0.5ms)[0m  [1m[34mSELECT  1 AS one FROM "users" WHERE "users"."session_token" = $1 AND "users"."id" != $2 LIMIT $3[0m  [["session_token", "ftvo77y7Z7b93Ana1-Ql-Q"], ["id", 1], ["LIMIT", 1]]
  ↳ app/models/user.rb:42
  [1m[36mUser Update (0.6ms)[0m  [1m[33mUPDATE "users" SET "session_token" = $1, "updated_at" = $2 WHERE "users"."id" = $3[0m  [["session_token", "ftvo77y7Z7b93Ana1-Ql-Q"], ["updated_at", "2019-04-09 18:29:24.318694"], ["id", 1]]
  ↳ app/models/user.rb:42
  [1m[35m (1.8ms)[0m  [1m[35mCOMMIT[0m
  ↳ app/models/user.rb:42
Redirected to http://localhost:3000/subs
Completed 302 Found in 92ms (ActiveRecord: 4.4ms)


Started GET "/subs" for ::1 at 2019-04-09 11:29:24 -0700
Processing by SubsController#index as HTML
  [1m[36mUser Load (0.5ms)[0m  [1m[34mSELECT  "users".* FROM "users" WHERE "users"."session_token" = $1 LIMIT $2[0m  [["session_token", "ftvo77y7Z7b93Ana1-Ql-Q"], ["LIMIT", 1]]
  ↳ app/controllers/application_controller.rb:9
  Rendering subs/index.html.erb within layouts/application
  [1m[36mSub Load (0.5ms)[0m  [1m[34mSELECT "subs".* FROM "subs"[0m
  ↳ app/views/subs/index.html.erb:6
  Rendered subs/index.html.erb within layouts/application (7.4ms)
Completed 200 OK in 70ms (Views: 58.0ms | ActiveRecord: 4.7ms)


Started GET "/subs/new" for ::1 at 2019-04-09 11:30:36 -0700
Processing by SubsController#new as HTML
  [1m[36mUser Load (0.9ms)[0m  [1m[34mSELECT  "users".* FROM "users" WHERE "users"."session_token" = $1 LIMIT $2[0m  [["session_token", "ftvo77y7Z7b93Ana1-Ql-Q"], ["LIMIT", 1]]
  ↳ app/controllers/application_controller.rb:9
  Rendering subs/new.html.erb within layouts/application
  Rendered subs/new.html.erb within layouts/application (0.7ms)
Completed 200 OK in 80ms (Views: 30.3ms | ActiveRecord: 5.7ms)


Started POST "/subs" for ::1 at 2019-04-09 11:30:51 -0700
Processing by SubsController#create as HTML
  Parameters: {"authenticity_token"=>"DmijlSJkeYFAJMtcrw6gzTrfGktTW5/fmvVj7yw6vy3+lO36/XXZDpxXoTivF+Yp3UhCdZbojCJPXGpO2Ei5NA==", "sub"=>{"title"=>"first sub", "description"=>"a04 "}}
  [1m[36mUser Load (0.7ms)[0m  [1m[34mSELECT  "users".* FROM "users" WHERE "users"."session_token" = $1 LIMIT $2[0m  [["session_token", "ftvo77y7Z7b93Ana1-Ql-Q"], ["LIMIT", 1]]
  ↳ app/controllers/application_controller.rb:9
  [1m[35m (0.2ms)[0m  [1m[35mBEGIN[0m
  ↳ app/controllers/subs_controller.rb:11
  [1m[36mUser Load (0.4ms)[0m  [1m[34mSELECT  "users".* FROM "users" WHERE "users"."id" = $1 LIMIT $2[0m  [["id", 1], ["LIMIT", 1]]
  ↳ app/controllers/subs_controller.rb:11
  [1m[36mSub Create (1.3ms)[0m  [1m[32mINSERT INTO "subs" ("title", "description", "user_id", "created_at", "updated_at") VALUES ($1, $2, $3, $4, $5) RETURNING "id"[0m  [["title", "first sub"], ["description", "a04 "], ["user_id", 1], ["created_at", "2019-04-09 18:30:51.591309"], ["updated_at", "2019-04-09 18:30:51.591309"]]
  ↳ app/controllers/subs_controller.rb:11
  [1m[35m (0.5ms)[0m  [1m[35mCOMMIT[0m
  ↳ app/controllers/subs_controller.rb:11
Redirected to http://localhost:3000/subs/1
Completed 302 Found in 55ms (ActiveRecord: 3.1ms)


Started GET "/subs/1" for ::1 at 2019-04-09 11:30:51 -0700
Processing by SubsController#show as HTML
  Parameters: {"id"=>"1"}
  [1m[36mUser Load (0.5ms)[0m  [1m[34mSELECT  "users".* FROM "users" WHERE "users"."session_token" = $1 LIMIT $2[0m  [["session_token", "ftvo77y7Z7b93Ana1-Ql-Q"], ["LIMIT", 1]]
  ↳ app/controllers/application_controller.rb:9
  [1m[36mSub Load (0.4ms)[0m  [1m[34mSELECT  "subs".* FROM "subs" WHERE "subs"."id" = $1 LIMIT $2[0m  [["id", 1], ["LIMIT", 1]]
  ↳ app/controllers/subs_controller.rb:39
  Rendering subs/show.html.erb within layouts/application
  Rendered subs/show.html.erb within layouts/application (0.7ms)
Completed 200 OK in 54ms (Views: 34.9ms | ActiveRecord: 0.9ms)


Started GET "/subs" for ::1 at 2019-04-09 11:31:12 -0700
Processing by SubsController#index as HTML
  [1m[36mUser Load (0.7ms)[0m  [1m[34mSELECT  "users".* FROM "users" WHERE "users"."session_token" = $1 LIMIT $2[0m  [["session_token", "ftvo77y7Z7b93Ana1-Ql-Q"], ["LIMIT", 1]]
  ↳ app/controllers/application_controller.rb:9
  Rendering subs/index.html.erb within layouts/application
  [1m[36mSub Load (0.7ms)[0m  [1m[34mSELECT "subs".* FROM "subs"[0m
  ↳ app/views/subs/index.html.erb:6
  Rendered subs/index.html.erb within layouts/application (3.4ms)
Completed 200 OK in 47ms (Views: 38.5ms | ActiveRecord: 1.4ms)


Started GET "/subs/1" for ::1 at 2019-04-09 11:31:16 -0700
Processing by SubsController#show as HTML
  Parameters: {"id"=>"1"}
  [1m[36mUser Load (1.4ms)[0m  [1m[34mSELECT  "users".* FROM "users" WHERE "users"."session_token" = $1 LIMIT $2[0m  [["session_token", "ftvo77y7Z7b93Ana1-Ql-Q"], ["LIMIT", 1]]
  ↳ app/controllers/application_controller.rb:9
  [1m[36mSub Load (1.0ms)[0m  [1m[34mSELECT  "subs".* FROM "subs" WHERE "subs"."id" = $1 LIMIT $2[0m  [["id", 1], ["LIMIT", 1]]
  ↳ app/controllers/subs_controller.rb:39
  Rendering subs/show.html.erb within layouts/application
  Rendered subs/show.html.erb within layouts/application (0.5ms)
Completed 200 OK in 46ms (Views: 35.3ms | ActiveRecord: 2.4ms)


Started GET "/subs/1" for ::1 at 2019-04-09 11:33:01 -0700
Processing by SubsController#show as HTML
  Parameters: {"id"=>"1"}
  [1m[36mUser Load (0.4ms)[0m  [1m[34mSELECT  "users".* FROM "users" WHERE "users"."session_token" = $1 LIMIT $2[0m  [["session_token", "ftvo77y7Z7b93Ana1-Ql-Q"], ["LIMIT", 1]]
  ↳ app/controllers/application_controller.rb:9
  [1m[36mSub Load (0.5ms)[0m  [1m[34mSELECT  "subs".* FROM "subs" WHERE "subs"."id" = $1 LIMIT $2[0m  [["id", 1], ["LIMIT", 1]]
  ↳ app/controllers/subs_controller.rb:39
  Rendering subs/show.html.erb within layouts/application
  Rendered subs/show.html.erb within layouts/application (0.9ms)
Completed 200 OK in 56ms (Views: 49.8ms | ActiveRecord: 0.9ms)


Started GET "/subs" for ::1 at 2019-04-09 11:33:03 -0700
Processing by SubsController#index as HTML
  [1m[36mUser Load (0.9ms)[0m  [1m[34mSELECT  "users".* FROM "users" WHERE "users"."session_token" = $1 LIMIT $2[0m  [["session_token", "ftvo77y7Z7b93Ana1-Ql-Q"], ["LIMIT", 1]]
  ↳ app/controllers/application_controller.rb:9
  Rendering subs/index.html.erb within layouts/application
  [1m[36mSub Load (0.6ms)[0m  [1m[34mSELECT "subs".* FROM "subs"[0m
  ↳ app/views/subs/index.html.erb:6
  Rendered subs/index.html.erb within layouts/application (3.3ms)
Completed 200 OK in 46ms (Views: 35.4ms | ActiveRecord: 1.5ms)


Started GET "/subs/1" for ::1 at 2019-04-09 11:33:04 -0700
Processing by SubsController#show as HTML
  Parameters: {"id"=>"1"}
  [1m[36mUser Load (1.5ms)[0m  [1m[34mSELECT  "users".* FROM "users" WHERE "users"."session_token" = $1 LIMIT $2[0m  [["session_token", "ftvo77y7Z7b93Ana1-Ql-Q"], ["LIMIT", 1]]
  ↳ app/controllers/application_controller.rb:9
  [1m[36mSub Load (2.3ms)[0m  [1m[34mSELECT  "subs".* FROM "subs" WHERE "subs"."id" = $1 LIMIT $2[0m  [["id", 1], ["LIMIT", 1]]
  ↳ app/controllers/subs_controller.rb:39
  Rendering subs/show.html.erb within layouts/application
  Rendered subs/show.html.erb within layouts/application (0.8ms)
Completed 200 OK in 55ms (Views: 42.8ms | ActiveRecord: 3.8ms)


Started GET "/subs/1/edit" for ::1 at 2019-04-09 11:33:07 -0700
Processing by SubsController#edit as HTML
  Parameters: {"id"=>"1"}
  [1m[36mUser Load (0.6ms)[0m  [1m[34mSELECT  "users".* FROM "users" WHERE "users"."session_token" = $1 LIMIT $2[0m  [["session_token", "ftvo77y7Z7b93Ana1-Ql-Q"], ["LIMIT", 1]]
  ↳ app/controllers/application_controller.rb:9
  [1m[36mSub Load (1.3ms)[0m  [1m[34mSELECT  "subs".* FROM "subs" WHERE "subs"."id" = $1 LIMIT $2[0m  [["id", 1], ["LIMIT", 1]]
  ↳ app/controllers/subs_controller.rb:20
  Rendering subs/edit.html.erb within layouts/application
  Rendered subs/edit.html.erb within layouts/application (0.8ms)
Completed 200 OK in 55ms (Views: 47.1ms | ActiveRecord: 1.9ms)


Started PATCH "/subs/1" for ::1 at 2019-04-09 11:33:17 -0700
Processing by SubsController#update as HTML
  Parameters: {"authenticity_token"=>"0BNVHwAh5zXwquEi65IF7YhNfc7FWqTEYxaEToAsrzIg7xtw3zBHuizZi0bri0MJb9ol8ADptzm2v43vdF6pKw==", "sub"=>{"title"=>"apple", "description"=>"a04 "}, "id"=>"1"}
  [1m[36mUser Load (0.5ms)[0m  [1m[34mSELECT  "users".* FROM "users" WHERE "users"."session_token" = $1 LIMIT $2[0m  [["session_token", "ftvo77y7Z7b93Ana1-Ql-Q"], ["LIMIT", 1]]
  ↳ app/controllers/application_controller.rb:9
  [1m[36mSub Load (0.4ms)[0m  [1m[34mSELECT  "subs".* FROM "subs" WHERE "subs"."id" = $1 LIMIT $2[0m  [["id", 1], ["LIMIT", 1]]
  ↳ app/controllers/subs_controller.rb:25
  [1m[35m (0.2ms)[0m  [1m[35mBEGIN[0m
  ↳ app/controllers/subs_controller.rb:26
  [1m[36mUser Load (0.5ms)[0m  [1m[34mSELECT  "users".* FROM "users" WHERE "users"."id" = $1 LIMIT $2[0m  [["id", 1], ["LIMIT", 1]]
  ↳ app/controllers/subs_controller.rb:26
  [1m[36mSub Update (0.9ms)[0m  [1m[33mUPDATE "subs" SET "title" = $1, "updated_at" = $2 WHERE "subs"."id" = $3[0m  [["title", "apple"], ["updated_at", "2019-04-09 18:33:17.822138"], ["id", 1]]
  ↳ app/controllers/subs_controller.rb:26
  [1m[35m (0.7ms)[0m  [1m[35mCOMMIT[0m
  ↳ app/controllers/subs_controller.rb:26
Redirected to http://localhost:3000/subs/1
Completed 302 Found in 11ms (ActiveRecord: 3.1ms)


Started GET "/subs/1" for ::1 at 2019-04-09 11:33:17 -0700
Processing by SubsController#show as HTML
  Parameters: {"id"=>"1"}
  [1m[36mUser Load (0.3ms)[0m  [1m[34mSELECT  "users".* FROM "users" WHERE "users"."session_token" = $1 LIMIT $2[0m  [["session_token", "ftvo77y7Z7b93Ana1-Ql-Q"], ["LIMIT", 1]]
  ↳ app/controllers/application_controller.rb:9
  [1m[36mSub Load (0.3ms)[0m  [1m[34mSELECT  "subs".* FROM "subs" WHERE "subs"."id" = $1 LIMIT $2[0m  [["id", 1], ["LIMIT", 1]]
  ↳ app/controllers/subs_controller.rb:39
  Rendering subs/show.html.erb within layouts/application
  Rendered subs/show.html.erb within layouts/application (1.1ms)
Completed 200 OK in 40ms (Views: 34.5ms | ActiveRecord: 0.6ms)


Started GET "/subs" for ::1 at 2019-04-09 11:33:26 -0700
Processing by SubsController#index as HTML
  [1m[36mUser Load (1.7ms)[0m  [1m[34mSELECT  "users".* FROM "users" WHERE "users"."session_token" = $1 LIMIT $2[0m  [["session_token", "ftvo77y7Z7b93Ana1-Ql-Q"], ["LIMIT", 1]]
  ↳ app/controllers/application_controller.rb:9
  Rendering subs/index.html.erb within layouts/application
  [1m[36mSub Load (0.5ms)[0m  [1m[34mSELECT "subs".* FROM "subs"[0m
  ↳ app/views/subs/index.html.erb:6
  Rendered subs/index.html.erb within layouts/application (2.6ms)
Completed 200 OK in 50ms (Views: 39.1ms | ActiveRecord: 2.2ms)


  [1m[35m (0.3ms)[0m  [1m[34mSELECT pg_try_advisory_lock(6711173107426626090)[0m
  ↳ bin/rails:9
  [1m[35m (8.7ms)[0m  [1m[34mSELECT "schema_migrations"."version" FROM "schema_migrations" ORDER BY "schema_migrations"."version" ASC[0m
  ↳ bin/rails:9
Migrating to CreatePosts (20190409183415)
  [1m[35m (0.2ms)[0m  [1m[35mBEGIN[0m
  ↳ bin/rails:9
  [1m[35m (49.6ms)[0m  [1m[35mCREATE TABLE "posts" ("id" bigserial primary key, "title" character varying NOT NULL, "url" character varying, "content" text, "sub_id" integer NOT NULL, "user_id" integer NOT NULL, "created_at" timestamp NOT NULL, "updated_at" timestamp NOT NULL)[0m
  ↳ db/migrate/20190409183415_create_posts.rb:3
  [1m[35m (1.3ms)[0m  [1m[35mCREATE  INDEX  "index_posts_on_sub_id" ON "posts"  ("sub_id")[0m
  ↳ db/migrate/20190409183415_create_posts.rb:11
  [1m[35m (1.2ms)[0m  [1m[35mCREATE  INDEX  "index_posts_on_user_id" ON "posts"  ("user_id")[0m
  ↳ db/migrate/20190409183415_create_posts.rb:12
  [1m[36mActiveRecord::SchemaMigration Create (0.6ms)[0m  [1m[32mINSERT INTO "schema_migrations" ("version") VALUES ($1) RETURNING "version"[0m  [["version", "20190409183415"]]
  ↳ bin/rails:9
  [1m[35m (11.9ms)[0m  [1m[35mCOMMIT[0m
  ↳ bin/rails:9
  [1m[36mActiveRecord::InternalMetadata Load (0.6ms)[0m  [1m[34mSELECT  "ar_internal_metadata".* FROM "ar_internal_metadata" WHERE "ar_internal_metadata"."key" = $1 LIMIT $2[0m  [["key", "environment"], ["LIMIT", 1]]
  ↳ bin/rails:9
  [1m[35m (0.3ms)[0m  [1m[35mBEGIN[0m
  ↳ bin/rails:9
  [1m[35m (0.2ms)[0m  [1m[35mCOMMIT[0m
  ↳ bin/rails:9
  [1m[35m (0.5ms)[0m  [1m[34mSELECT pg_advisory_unlock(6711173107426626090)[0m
  ↳ bin/rails:9
  [1m[35m (0.3ms)[0m  [1m[34mSELECT "schema_migrations"."version" FROM "schema_migrations" ORDER BY "schema_migrations"."version" ASC[0m
  ↳ bin/rails:9
  [1m[35m (0.3ms)[0m  [1m[34mSELECT pg_try_advisory_lock(6711173107426626090)[0m
  ↳ bin/rails:9
  [1m[35m (10.9ms)[0m  [1m[34mSELECT "schema_migrations"."version" FROM "schema_migrations" ORDER BY "schema_migrations"."version" ASC[0m
  ↳ bin/rails:9
Migrating to CreatePostSub (20190409185909)
  [1m[35m (0.3ms)[0m  [1m[35mBEGIN[0m
  ↳ bin/rails:9
  [1m[35m (6.5ms)[0m  [1m[35mCREATE TABLE "post_subs" ("id" bigserial primary key, "post_id" integer NOT NULL, "sub_id" integer NOT NULL)[0m
  ↳ db/migrate/20190409185909_create_post_sub.rb:3
  [1m[35m (18.7ms)[0m  [1m[35mCREATE  INDEX  "index_post_subs_on_post_id" ON "post_subs"  ("post_id")[0m
  ↳ db/migrate/20190409185909_create_post_sub.rb:7
  [1m[35m (1.5ms)[0m  [1m[35mCREATE  INDEX  "index_post_subs_on_sub_id" ON "post_subs"  ("sub_id")[0m
  ↳ db/migrate/20190409185909_create_post_sub.rb:8
  [1m[36mActiveRecord::SchemaMigration Create (1.7ms)[0m  [1m[32mINSERT INTO "schema_migrations" ("version") VALUES ($1) RETURNING "version"[0m  [["version", "20190409185909"]]
  ↳ bin/rails:9
  [1m[35m (24.3ms)[0m  [1m[35mCOMMIT[0m
  ↳ bin/rails:9
  [1m[36mActiveRecord::InternalMetadata Load (0.7ms)[0m  [1m[34mSELECT  "ar_internal_metadata".* FROM "ar_internal_metadata" WHERE "ar_internal_metadata"."key" = $1 LIMIT $2[0m  [["key", "environment"], ["LIMIT", 1]]
  ↳ bin/rails:9
  [1m[35m (0.3ms)[0m  [1m[35mBEGIN[0m
  ↳ bin/rails:9
  [1m[35m (0.2ms)[0m  [1m[35mCOMMIT[0m
  ↳ bin/rails:9
  [1m[35m (0.3ms)[0m  [1m[34mSELECT pg_advisory_unlock(6711173107426626090)[0m
  ↳ bin/rails:9
  [1m[35m (0.3ms)[0m  [1m[34mSELECT "schema_migrations"."version" FROM "schema_migrations" ORDER BY "schema_migrations"."version" ASC[0m
  ↳ bin/rails:9
  [1m[36mUser Load (1.1ms)[0m  [1m[34mSELECT "users".* FROM "users"[0m
  [1m[36mSub Load (1.5ms)[0m  [1m[34mSELECT "subs".* FROM "subs"[0m
  [1m[35m (0.2ms)[0m  [1m[35mBEGIN[0m
  [1m[36mUser Load (0.4ms)[0m  [1m[34mSELECT  "users".* FROM "users" WHERE "users"."id" = $1 LIMIT $2[0m  [["id", 1], ["LIMIT", 1]]
  [1m[36mPost Create (16.9ms)[0m  [1m[32mINSERT INTO "posts" ("title", "sub_id", "user_id", "created_at", "updated_at") VALUES ($1, $2, $3, $4, $5) RETURNING "id"[0m  [["title", "whatever"], ["sub_id", 1], ["user_id", 1], ["created_at", "2019-04-09 19:06:55.690655"], ["updated_at", "2019-04-09 19:06:55.690655"]]
  [1m[35m (0.6ms)[0m  [1m[35mCOMMIT[0m
  [1m[35m (0.3ms)[0m  [1m[35mBEGIN[0m
  [1m[36mSub Load (1.0ms)[0m  [1m[34mSELECT  "subs".* FROM "subs" WHERE "subs"."id" = $1 LIMIT $2[0m  [["id", 1], ["LIMIT", 1]]
  [1m[36mPost Load (0.6ms)[0m  [1m[34mSELECT  "posts".* FROM "posts" WHERE "posts"."id" = $1 LIMIT $2[0m  [["id", 1], ["LIMIT", 1]]
  [1m[36mPostSub Create (18.6ms)[0m  [1m[32mINSERT INTO "post_subs" ("post_id", "sub_id") VALUES ($1, $2) RETURNING "id"[0m  [["post_id", 1], ["sub_id", 1]]
  [1m[35m (0.5ms)[0m  [1m[35mCOMMIT[0m
  [1m[35m (0.3ms)[0m  [1m[35mBEGIN[0m
  [1m[35m (0.4ms)[0m  [1m[31mROLLBACK[0m
  [1m[35m (0.3ms)[0m  [1m[35mBEGIN[0m
  [1m[36mUser Load (0.6ms)[0m  [1m[34mSELECT  "users".* FROM "users" WHERE "users"."id" = $1 LIMIT $2[0m  [["id", 1], ["LIMIT", 1]]
  [1m[36mSub Create (0.9ms)[0m  [1m[32mINSERT INTO "subs" ("title", "description", "user_id", "created_at", "updated_at") VALUES ($1, $2, $3, $4, $5) RETURNING "id"[0m  [["title", "whatever"], ["description", "whatever again again"], ["user_id", 1], ["created_at", "2019-04-09 19:08:29.347996"], ["updated_at", "2019-04-09 19:08:29.347996"]]
  [1m[35m (1.6ms)[0m  [1m[35mCOMMIT[0m
  [1m[36mSub Load (0.7ms)[0m  [1m[34mSELECT "subs".* FROM "subs"[0m
  [1m[35m (0.3ms)[0m  [1m[35mBEGIN[0m
  [1m[36mSub Load (0.5ms)[0m  [1m[34mSELECT  "subs".* FROM "subs" WHERE "subs"."id" = $1 LIMIT $2[0m  [["id", 2], ["LIMIT", 1]]
  [1m[36mPost Load (0.5ms)[0m  [1m[34mSELECT  "posts".* FROM "posts" WHERE "posts"."id" = $1 LIMIT $2[0m  [["id", 1], ["LIMIT", 1]]
  [1m[36mPostSub Create (0.5ms)[0m  [1m[32mINSERT INTO "post_subs" ("post_id", "sub_id") VALUES ($1, $2) RETURNING "id"[0m  [["post_id", 1], ["sub_id", 2]]
  [1m[35m (0.5ms)[0m  [1m[35mCOMMIT[0m
  [1m[36mPost Load (0.6ms)[0m  [1m[34mSELECT "posts".* FROM "posts"[0m
  [1m[35m (0.3ms)[0m  [1m[35mBEGIN[0m
  [1m[36mSub Load (0.4ms)[0m  [1m[34mSELECT  "subs".* FROM "subs" WHERE "subs"."id" = $1 LIMIT $2[0m  [["id", 2], ["LIMIT", 1]]
  [1m[36mPost Load (0.4ms)[0m  [1m[34mSELECT  "posts".* FROM "posts" WHERE "posts"."id" = $1 LIMIT $2[0m  [["id", 1], ["LIMIT", 1]]
  [1m[36mPostSub Create (0.5ms)[0m  [1m[32mINSERT INTO "post_subs" ("post_id", "sub_id") VALUES ($1, $2) RETURNING "id"[0m  [["post_id", 1], ["sub_id", 2]]
  [1m[35m (1.6ms)[0m  [1m[35mCOMMIT[0m
  [1m[36mPost Load (0.7ms)[0m  [1m[34mSELECT "posts".* FROM "posts"[0m
  [1m[36mPostSub Load (0.7ms)[0m  [1m[34mSELECT "post_subs".* FROM "post_subs"[0m
  [1m[36mPostSub Load (0.4ms)[0m  [1m[34mSELECT  "post_subs".* FROM "post_subs" ORDER BY "post_subs"."id" DESC LIMIT $1[0m  [["LIMIT", 1]]
  [1m[35m (0.2ms)[0m  [1m[35mBEGIN[0m
  [1m[36mPostSub Destroy (0.6ms)[0m  [1m[31mDELETE FROM "post_subs" WHERE "post_subs"."id" = $1[0m  [["id", 3]]
  [1m[35m (1.5ms)[0m  [1m[35mCOMMIT[0m
  [1m[36mPostSub Load (0.6ms)[0m  [1m[34mSELECT "post_subs".* FROM "post_subs"[0m
  [1m[36mPost Load (0.5ms)[0m  [1m[34mSELECT  "posts".* FROM "posts" ORDER BY "posts"."id" ASC LIMIT $1[0m  [["LIMIT", 1]]
  [1m[36mSub Load (1.3ms)[0m  [1m[34mSELECT "subs".* FROM "subs" INNER JOIN "post_subs" ON "subs"."id" = "post_subs"."sub_id" WHERE "post_subs"."post_id" = $1[0m  [["post_id", 1]]
  [1m[36mSub Load (0.7ms)[0m  [1m[34mSELECT  "subs".* FROM "subs" ORDER BY "subs"."id" ASC LIMIT $1[0m  [["LIMIT", 1]]
  [1m[36mPost Load (0.8ms)[0m  [1m[34mSELECT "posts".* FROM "posts" INNER JOIN "post_subs" ON "posts"."id" = "post_subs"."post_id" WHERE "post_subs"."sub_id" = $1[0m  [["sub_id", 1]]
Started DELETE "/session" for ::1 at 2019-04-09 12:10:54 -0700
  [1m[35m (2.4ms)[0m  [1m[34mSELECT "schema_migrations"."version" FROM "schema_migrations" ORDER BY "schema_migrations"."version" ASC[0m
  ↳ /usr/local/var/rbenv/versions/2.5.1/lib/ruby/gems/2.5.0/gems/activerecord-5.2.3/lib/active_record/log_subscriber.rb:98

ActiveRecord::PendingMigrationError - Migrations are pending. To resolve this issue, run:

        bin/rails db:migrate RAILS_ENV=development

:

Started POST "/__better_errors/13bcbbcc6beca1ae/variables" for ::1 at 2019-04-09 12:10:54 -0700
  [1m[35m (0.3ms)[0m  [1m[34mSELECT pg_try_advisory_lock(6711173107426626090)[0m
  ↳ bin/rails:9
  [1m[35m (1.2ms)[0m  [1m[34mSELECT "schema_migrations"."version" FROM "schema_migrations" ORDER BY "schema_migrations"."version" ASC[0m
  ↳ bin/rails:9
Migrating to CreatePostSubs (20190409190142)
  [1m[35m (0.3ms)[0m  [1m[35mBEGIN[0m
  ↳ bin/rails:9
  [1m[35m (28.7ms)[0m  [1m[35mCREATE TABLE "post_subs" ("id" bigserial primary key, "created_at" timestamp NOT NULL, "updated_at" timestamp NOT NULL)[0m
  ↳ db/migrate/20190409190142_create_post_subs.rb:3
  [1m[35m (0.2ms)[0m  [1m[31mROLLBACK[0m
  ↳ bin/rails:9
  [1m[35m (0.3ms)[0m  [1m[34mSELECT pg_advisory_unlock(6711173107426626090)[0m
  ↳ bin/rails:9
Started GET "/session" for ::1 at 2019-04-09 12:12:10 -0700
  [1m[35m (1.2ms)[0m  [1m[34mSELECT "schema_migrations"."version" FROM "schema_migrations" ORDER BY "schema_migrations"."version" ASC[0m
  ↳ /usr/local/var/rbenv/versions/2.5.1/lib/ruby/gems/2.5.0/gems/activerecord-5.2.3/lib/active_record/log_subscriber.rb:98

ActiveRecord::PendingMigrationError - Migrations are pending. To resolve this issue, run:

        bin/rails db:migrate RAILS_ENV=development

:

Started POST "/__better_errors/4fc498a1e5c2cf06/variables" for ::1 at 2019-04-09 12:12:11 -0700
  [1m[35m (1.1ms)[0m  [1m[34mSELECT "schema_migrations"."version" FROM "schema_migrations" ORDER BY "schema_migrations"."version" ASC[0m
  ↳ bin/rails:9
Started GET "/session" for ::1 at 2019-04-09 12:13:14 -0700
  [1m[35m (0.6ms)[0m  [1m[34mSELECT "schema_migrations"."version" FROM "schema_migrations" ORDER BY "schema_migrations"."version" ASC[0m
  ↳ /usr/local/var/rbenv/versions/2.5.1/lib/ruby/gems/2.5.0/gems/activerecord-5.2.3/lib/active_record/log_subscriber.rb:98
  
ActionController::RoutingError (No route matches [GET] "/session"):
  
actionpack (5.2.3) lib/action_dispatch/middleware/debug_exceptions.rb:65:in `call'
web-console (3.7.0) lib/web_console/middleware.rb:135:in `call_app'
web-console (3.7.0) lib/web_console/middleware.rb:30:in `block in call'
web-console (3.7.0) lib/web_console/middleware.rb:20:in `catch'
web-console (3.7.0) lib/web_console/middleware.rb:20:in `call'
actionpack (5.2.3) lib/action_dispatch/middleware/show_exceptions.rb:33:in `call'
railties (5.2.3) lib/rails/rack/logger.rb:38:in `call_app'
railties (5.2.3) lib/rails/rack/logger.rb:26:in `block in call'
activesupport (5.2.3) lib/active_support/tagged_logging.rb:71:in `block in tagged'
activesupport (5.2.3) lib/active_support/tagged_logging.rb:28:in `tagged'
activesupport (5.2.3) lib/active_support/tagged_logging.rb:71:in `tagged'
railties (5.2.3) lib/rails/rack/logger.rb:26:in `call'
sprockets-rails (3.2.1) lib/sprockets/rails/quiet_assets.rb:13:in `call'
actionpack (5.2.3) lib/action_dispatch/middleware/remote_ip.rb:81:in `call'
actionpack (5.2.3) lib/action_dispatch/middleware/request_id.rb:27:in `call'
rack (2.0.7) lib/rack/method_override.rb:22:in `call'
rack (2.0.7) lib/rack/runtime.rb:22:in `call'
activesupport (5.2.3) lib/active_support/cache/strategy/local_cache_middleware.rb:29:in `call'
actionpack (5.2.3) lib/action_dispatch/middleware/executor.rb:14:in `call'
actionpack (5.2.3) lib/action_dispatch/middleware/static.rb:127:in `call'
rack (2.0.7) lib/rack/sendfile.rb:111:in `call'
railties (5.2.3) lib/rails/engine.rb:524:in `call'
puma (3.12.1) lib/puma/configuration.rb:227:in `call'
puma (3.12.1) lib/puma/server.rb:660:in `handle_request'
puma (3.12.1) lib/puma/server.rb:474:in `process_client'
puma (3.12.1) lib/puma/server.rb:334:in `block in run'
puma (3.12.1) lib/puma/thread_pool.rb:135:in `block in spawn_thread'
Started GET "/session/new" for ::1 at 2019-04-09 12:13:21 -0700
Processing by SessionsController#new as HTML
  Rendering sessions/new.html.erb within layouts/application
  Rendered sessions/new.html.erb within layouts/application (0.9ms)
  [1m[36mUser Load (0.8ms)[0m  [1m[34mSELECT  "users".* FROM "users" WHERE "users"."session_token" = $1 LIMIT $2[0m  [["session_token", "ftvo77y7Z7b93Ana1-Ql-Q"], ["LIMIT", 1]]
  ↳ app/controllers/application_controller.rb:9
Completed 200 OK in 940ms (Views: 806.3ms | ActiveRecord: 11.3ms)


Started POST "/session" for ::1 at 2019-04-09 12:13:32 -0700
Processing by SessionsController#create as HTML
  Parameters: {"authenticity_token"=>"h6uWqNMW9A0bD9lJMFMjMImQUE4uIUl+5xOT7Bvjtbx3V9jHDAdUgsd8sy0wSmXUbgcIcOuSWoMyuppN75GzpQ==", "user"=>{"username"=>"yinglan", "password"=>"[FILTERED]"}}
  [1m[36mUser Load (0.4ms)[0m  [1m[34mSELECT  "users".* FROM "users" WHERE "users"."username" = $1 LIMIT $2[0m  [["username", "yinglan"], ["LIMIT", 1]]
  ↳ app/models/user.rb:38
  Rendering sessions/new.html.erb within layouts/application
  Rendered sessions/new.html.erb within layouts/application (5.1ms)
Completed 500 Internal Server Error in 95ms (ActiveRecord: 0.4ms)



NoMethodError - undefined method `username' for nil:NilClass:
  app/views/sessions/new.html.erb:7:in `_app_views_sessions_new_html_erb__2412201655157198454_70301783279140'
  app/controllers/sessions_controller.rb:16:in `create'

Started POST "/__better_errors/dd9e199cb804b612/variables" for ::1 at 2019-04-09 12:13:32 -0700
Started POST "/__better_errors/dd9e199cb804b612/eval" for ::1 at 2019-04-09 12:13:47 -0700
Started GET "/session/new" for ::1 at 2019-04-09 12:15:55 -0700
Processing by SessionsController#new as HTML
  Rendering sessions/new.html.erb within layouts/application
  Rendered sessions/new.html.erb within layouts/application (0.9ms)
  [1m[36mUser Load (0.8ms)[0m  [1m[34mSELECT  "users".* FROM "users" WHERE "users"."session_token" = $1 LIMIT $2[0m  [["session_token", "ftvo77y7Z7b93Ana1-Ql-Q"], ["LIMIT", 1]]
  ↳ app/controllers/application_controller.rb:9
Completed 200 OK in 205ms (Views: 120.3ms | ActiveRecord: 7.3ms)


Started POST "/session" for ::1 at 2019-04-09 12:16:00 -0700
Processing by SessionsController#create as HTML
  Parameters: {"authenticity_token"=>"aHPBVpKWedaMBKdNOEyAWofDDrSEahjL6GEsSIKEt7qYj485TYfZWVB3zSk4Vca+YFRWikHZCzY9yCXpdvaxow==", "user"=>{"username"=>"akj", "password"=>"[FILTERED]"}}
  [1m[36mUser Load (0.7ms)[0m  [1m[34mSELECT  "users".* FROM "users" WHERE "users"."username" = $1 LIMIT $2[0m  [["username", "akj"], ["LIMIT", 1]]
  ↳ app/models/user.rb:38
Redirected to http://localhost:3000/session/new
Completed 302 Found in 5ms (ActiveRecord: 0.7ms)


Started GET "/session/new" for ::1 at 2019-04-09 12:16:00 -0700
Processing by SessionsController#new as HTML
  Rendering sessions/new.html.erb within layouts/application
  Rendered sessions/new.html.erb within layouts/application (2.2ms)
  [1m[36mUser Load (0.7ms)[0m  [1m[34mSELECT  "users".* FROM "users" WHERE "users"."session_token" = $1 LIMIT $2[0m  [["session_token", "ftvo77y7Z7b93Ana1-Ql-Q"], ["LIMIT", 1]]
  ↳ app/controllers/application_controller.rb:9
Completed 200 OK in 61ms (Views: 56.8ms | ActiveRecord: 0.7ms)


Started POST "/session" for ::1 at 2019-04-09 12:16:07 -0700
Processing by SessionsController#create as HTML
  Parameters: {"authenticity_token"=>"QbDx4gHY3N3iGRXmS/zyhdZz6JvuyZFOAusCji+xS2OxTL+N3sl8Uj5qf4JL5bRhMeSwpSt6grPXQgsv28NNeg==", "user"=>{"username"=>"yinglan", "password"=>"[FILTERED]"}}
  [1m[36mUser Load (0.6ms)[0m  [1m[34mSELECT  "users".* FROM "users" WHERE "users"."username" = $1 LIMIT $2[0m  [["username", "yinglan"], ["LIMIT", 1]]
  ↳ app/models/user.rb:38
  [1m[35m (0.2ms)[0m  [1m[35mBEGIN[0m
  ↳ app/models/user.rb:44
  [1m[36mUser Exists (1.0ms)[0m  [1m[34mSELECT  1 AS one FROM "users" WHERE "users"."username" = $1 AND "users"."id" != $2 LIMIT $3[0m  [["username", "yinglan"], ["id", 1], ["LIMIT", 1]]
  ↳ app/models/user.rb:44
  [1m[36mUser Exists (0.6ms)[0m  [1m[34mSELECT  1 AS one FROM "users" WHERE "users"."session_token" = $1 AND "users"."id" != $2 LIMIT $3[0m  [["session_token", "0hu5D7fBURmmt16aGqmmMg"], ["id", 1], ["LIMIT", 1]]
  ↳ app/models/user.rb:44
  [1m[36mUser Update (0.8ms)[0m  [1m[33mUPDATE "users" SET "session_token" = $1, "updated_at" = $2 WHERE "users"."id" = $3[0m  [["session_token", "0hu5D7fBURmmt16aGqmmMg"], ["updated_at", "2019-04-09 19:16:07.656960"], ["id", 1]]
  ↳ app/models/user.rb:44
  [1m[35m (0.6ms)[0m  [1m[35mCOMMIT[0m
  ↳ app/models/user.rb:44
Redirected to http://localhost:3000/subs
Completed 302 Found in 93ms (ActiveRecord: 3.9ms)


Started GET "/subs" for ::1 at 2019-04-09 12:16:07 -0700
Processing by SubsController#index as HTML
  [1m[36mUser Load (0.5ms)[0m  [1m[34mSELECT  "users".* FROM "users" WHERE "users"."session_token" = $1 LIMIT $2[0m  [["session_token", "0hu5D7fBURmmt16aGqmmMg"], ["LIMIT", 1]]
  ↳ app/controllers/application_controller.rb:9
  Rendering subs/index.html.erb within layouts/application
  [1m[36mSub Load (0.9ms)[0m  [1m[34mSELECT "subs".* FROM "subs"[0m
  ↳ app/views/subs/index.html.erb:6
  Rendered subs/index.html.erb within layouts/application (17.5ms)
Completed 200 OK in 111ms (Views: 57.4ms | ActiveRecord: 7.9ms)


Started GET "/subs/2" for ::1 at 2019-04-09 12:16:10 -0700
Processing by SubsController#show as HTML
  Parameters: {"id"=>"2"}
  [1m[36mUser Load (1.6ms)[0m  [1m[34mSELECT  "users".* FROM "users" WHERE "users"."session_token" = $1 LIMIT $2[0m  [["session_token", "0hu5D7fBURmmt16aGqmmMg"], ["LIMIT", 1]]
  ↳ app/controllers/application_controller.rb:9
  [1m[36mSub Load (1.6ms)[0m  [1m[34mSELECT  "subs".* FROM "subs" WHERE "subs"."id" = $1 LIMIT $2[0m  [["id", 2], ["LIMIT", 1]]
  ↳ app/controllers/subs_controller.rb:39
  Rendering subs/show.html.erb within layouts/application
  Rendered subs/show.html.erb within layouts/application (0.8ms)
Completed 200 OK in 75ms (Views: 35.1ms | ActiveRecord: 3.2ms)


Started GET "/subs" for ::1 at 2019-04-09 12:16:14 -0700
Processing by SubsController#index as HTML
  [1m[36mUser Load (1.1ms)[0m  [1m[34mSELECT  "users".* FROM "users" WHERE "users"."session_token" = $1 LIMIT $2[0m  [["session_token", "0hu5D7fBURmmt16aGqmmMg"], ["LIMIT", 1]]
  ↳ app/controllers/application_controller.rb:9
  Rendering subs/index.html.erb within layouts/application
  [1m[36mSub Load (0.5ms)[0m  [1m[34mSELECT "subs".* FROM "subs"[0m
  ↳ app/views/subs/index.html.erb:6
  Rendered subs/index.html.erb within layouts/application (2.5ms)
Completed 200 OK in 58ms (Views: 46.8ms | ActiveRecord: 1.6ms)


Started GET "/subs/1" for ::1 at 2019-04-09 12:16:15 -0700
Processing by SubsController#show as HTML
  Parameters: {"id"=>"1"}
  [1m[36mUser Load (0.4ms)[0m  [1m[34mSELECT  "users".* FROM "users" WHERE "users"."session_token" = $1 LIMIT $2[0m  [["session_token", "0hu5D7fBURmmt16aGqmmMg"], ["LIMIT", 1]]
  ↳ app/controllers/application_controller.rb:9
  [1m[36mSub Load (1.6ms)[0m  [1m[34mSELECT  "subs".* FROM "subs" WHERE "subs"."id" = $1 LIMIT $2[0m  [["id", 1], ["LIMIT", 1]]
  ↳ app/controllers/subs_controller.rb:39
  Rendering subs/show.html.erb within layouts/application
  Rendered subs/show.html.erb within layouts/application (1.4ms)
Completed 200 OK in 54ms (Views: 41.7ms | ActiveRecord: 2.0ms)


Started GET "/subs" for ::1 at 2019-04-09 12:16:16 -0700
Processing by SubsController#index as HTML
  [1m[36mUser Load (1.1ms)[0m  [1m[34mSELECT  "users".* FROM "users" WHERE "users"."session_token" = $1 LIMIT $2[0m  [["session_token", "0hu5D7fBURmmt16aGqmmMg"], ["LIMIT", 1]]
  ↳ app/controllers/application_controller.rb:9
  Rendering subs/index.html.erb within layouts/application
  [1m[36mSub Load (0.5ms)[0m  [1m[34mSELECT "subs".* FROM "subs"[0m
  ↳ app/views/subs/index.html.erb:6
  Rendered subs/index.html.erb within layouts/application (3.3ms)
Completed 200 OK in 61ms (Views: 50.0ms | ActiveRecord: 1.6ms)


Started GET "/subs/2" for ::1 at 2019-04-09 12:16:17 -0700
Processing by SubsController#show as HTML
  Parameters: {"id"=>"2"}
  [1m[36mUser Load (1.5ms)[0m  [1m[34mSELECT  "users".* FROM "users" WHERE "users"."session_token" = $1 LIMIT $2[0m  [["session_token", "0hu5D7fBURmmt16aGqmmMg"], ["LIMIT", 1]]
  ↳ app/controllers/application_controller.rb:9
  [1m[36mSub Load (3.7ms)[0m  [1m[34mSELECT  "subs".* FROM "subs" WHERE "subs"."id" = $1 LIMIT $2[0m  [["id", 2], ["LIMIT", 1]]
  ↳ app/controllers/subs_controller.rb:39
  Rendering subs/show.html.erb within layouts/application
  Rendered subs/show.html.erb within layouts/application (1.1ms)
Completed 200 OK in 62ms (Views: 44.3ms | ActiveRecord: 5.2ms)


Started GET "/subs/2/edit" for ::1 at 2019-04-09 12:16:18 -0700
Processing by SubsController#edit as HTML
  Parameters: {"id"=>"2"}
  [1m[36mUser Load (1.0ms)[0m  [1m[34mSELECT  "users".* FROM "users" WHERE "users"."session_token" = $1 LIMIT $2[0m  [["session_token", "0hu5D7fBURmmt16aGqmmMg"], ["LIMIT", 1]]
  ↳ app/controllers/application_controller.rb:9
  [1m[36mSub Load (1.0ms)[0m  [1m[34mSELECT  "subs".* FROM "subs" WHERE "subs"."id" = $1 LIMIT $2[0m  [["id", 2], ["LIMIT", 1]]
  ↳ app/controllers/subs_controller.rb:20
  Rendering subs/edit.html.erb within layouts/application
  Rendered subs/edit.html.erb within layouts/application (0.7ms)
Completed 200 OK in 77ms (Views: 69.4ms | ActiveRecord: 1.9ms)


Started GET "/subs" for ::1 at 2019-04-09 13:46:48 -0700
Processing by SubsController#index as HTML
  [1m[36mUser Load (1.0ms)[0m  [1m[34mSELECT  "users".* FROM "users" WHERE "users"."session_token" = $1 LIMIT $2[0m  [["session_token", "0hu5D7fBURmmt16aGqmmMg"], ["LIMIT", 1]]
  ↳ app/controllers/application_controller.rb:9
  Rendering subs/index.html.erb within layouts/application
  [1m[36mSub Load (1.4ms)[0m  [1m[34mSELECT "subs".* FROM "subs"[0m
  ↳ app/views/subs/index.html.erb:6
  Rendered subs/index.html.erb within layouts/application (18.5ms)
Completed 200 OK in 307ms (Views: 256.7ms | ActiveRecord: 2.8ms)


Started GET "/subs/2" for ::1 at 2019-04-09 13:46:53 -0700
Processing by SubsController#show as HTML
  Parameters: {"id"=>"2"}
  [1m[36mUser Load (1.7ms)[0m  [1m[34mSELECT  "users".* FROM "users" WHERE "users"."session_token" = $1 LIMIT $2[0m  [["session_token", "0hu5D7fBURmmt16aGqmmMg"], ["LIMIT", 1]]
  ↳ app/controllers/application_controller.rb:9
  [1m[36mSub Load (1.0ms)[0m  [1m[34mSELECT  "subs".* FROM "subs" WHERE "subs"."id" = $1 LIMIT $2[0m  [["id", 2], ["LIMIT", 1]]
  ↳ app/controllers/subs_controller.rb:39
  Rendering subs/show.html.erb within layouts/application
  Rendered subs/show.html.erb within layouts/application (1.1ms)
Completed 200 OK in 74ms (Views: 39.2ms | ActiveRecord: 2.8ms)


Started GET "/subs/2" for ::1 at 2019-04-09 13:48:05 -0700
Processing by SubsController#show as HTML
  Parameters: {"id"=>"2"}
  [1m[36mUser Load (0.5ms)[0m  [1m[34mSELECT  "users".* FROM "users" WHERE "users"."session_token" = $1 LIMIT $2[0m  [["session_token", "0hu5D7fBURmmt16aGqmmMg"], ["LIMIT", 1]]
  ↳ app/controllers/application_controller.rb:9
  [1m[36mSub Load (0.8ms)[0m  [1m[34mSELECT  "subs".* FROM "subs" WHERE "subs"."id" = $1 LIMIT $2[0m  [["id", 2], ["LIMIT", 1]]
  ↳ app/controllers/subs_controller.rb:39
  Rendering subs/show.html.erb within layouts/application
  Rendered subs/show.html.erb within layouts/application (1.3ms)
Completed 200 OK in 145ms (Views: 69.9ms | ActiveRecord: 18.7ms)


Started GET "/posts/new" for ::1 at 2019-04-09 13:48:07 -0700
Processing by PostsController#new as HTML
  Rendering posts/new.html.erb within layouts/application
  [1m[36mSub Load (0.5ms)[0m  [1m[34mSELECT "subs".* FROM "subs"[0m
  ↳ app/views/posts/new.html.erb:16
  Rendered posts/new.html.erb within layouts/application (95.9ms)
  [1m[36mUser Load (0.5ms)[0m  [1m[34mSELECT  "users".* FROM "users" WHERE "users"."session_token" = $1 LIMIT $2[0m  [["session_token", "0hu5D7fBURmmt16aGqmmMg"], ["LIMIT", 1]]
  ↳ app/controllers/application_controller.rb:9
Completed 200 OK in 178ms (Views: 132.7ms | ActiveRecord: 8.6ms)


Started POST "/posts" for ::1 at 2019-04-09 13:48:22 -0700
Processing by PostsController#create as HTML
  Parameters: {"authenticity_token"=>"RnNhOZPIvm/wZRjdrAjHMB93dqP9kzb2mke3l0JdMcu2jy9WTNke4CwWcrmsEYHU+OAunTggJQtP7r42ti830g==", "post"=>{"title"=>"alot", "url"=>"akoteo", "content"=>"teojifjoe", "sub_ids"=>["", "1", "2"]}}
Unpermitted parameter: :sub_ids
  [1m[36mUser Load (0.7ms)[0m  [1m[34mSELECT  "users".* FROM "users" WHERE "users"."session_token" = $1 LIMIT $2[0m  [["session_token", "0hu5D7fBURmmt16aGqmmMg"], ["LIMIT", 1]]
  ↳ app/controllers/application_controller.rb:9
  [1m[35m (0.3ms)[0m  [1m[35mBEGIN[0m
  ↳ app/controllers/posts_controller.rb:9
  [1m[36mUser Load (0.4ms)[0m  [1m[34mSELECT  "users".* FROM "users" WHERE "users"."id" = $1 LIMIT $2[0m  [["id", 1], ["LIMIT", 1]]
  ↳ app/controllers/posts_controller.rb:9
  [1m[36mPost Create (15.3ms)[0m  [1m[32mINSERT INTO "posts" ("title", "url", "content", "user_id", "created_at", "updated_at") VALUES ($1, $2, $3, $4, $5, $6) RETURNING "id"[0m  [["title", "alot"], ["url", "akoteo"], ["content", "teojifjoe"], ["user_id", 1], ["created_at", "2019-04-09 20:48:22.067935"], ["updated_at", "2019-04-09 20:48:22.067935"]]
  ↳ app/controllers/posts_controller.rb:9
  [1m[35m (0.2ms)[0m  [1m[31mROLLBACK[0m
  ↳ app/controllers/posts_controller.rb:9
Completed 500 Internal Server Error in 57ms (ActiveRecord: 16.9ms)



PG::NotNullViolation - ERROR:  null value in column "sub_id" violates not-null constraint
DETAIL:  Failing row contains (2, alot, akoteo, teojifjoe, null, 1, 2019-04-09 20:48:22.067935, 2019-04-09 20:48:22.067935).
:
  app/controllers/posts_controller.rb:9:in `create'

Started POST "/__better_errors/08e1f94c2e852d41/variables" for ::1 at 2019-04-09 13:48:22 -0700
Started POST "/posts" for ::1 at 2019-04-09 13:49:32 -0700
Processing by PostsController#create as HTML
  Parameters: {"authenticity_token"=>"p47kvPX+iCNJsBaE0D5hvAUZxFEQtiFdR/cYwpAUEV9XcqrTKu8orJXDfODQJydY4o6cb9UFMqCSXhFjZGYXRg==", "post"=>{"title"=>"alot", "url"=>"akoteo", "content"=>"teojifjoe", "sub_ids"=>["", "1", "2"]}}
Unpermitted parameter: :sub_ids
  [1m[36mUser Load (0.6ms)[0m  [1m[34mSELECT  "users".* FROM "users" WHERE "users"."session_token" = $1 LIMIT $2[0m  [["session_token", "0hu5D7fBURmmt16aGqmmMg"], ["LIMIT", 1]]
  ↳ app/controllers/application_controller.rb:9
  [1m[35m (0.2ms)[0m  [1m[35mBEGIN[0m
  ↳ app/controllers/posts_controller.rb:9
  [1m[36mUser Load (0.5ms)[0m  [1m[34mSELECT  "users".* FROM "users" WHERE "users"."id" = $1 LIMIT $2[0m  [["id", 1], ["LIMIT", 1]]
  ↳ app/controllers/posts_controller.rb:9
  [1m[36mPost Create (13.0ms)[0m  [1m[32mINSERT INTO "posts" ("title", "url", "content", "user_id", "created_at", "updated_at") VALUES ($1, $2, $3, $4, $5, $6) RETURNING "id"[0m  [["title", "alot"], ["url", "akoteo"], ["content", "teojifjoe"], ["user_id", 1], ["created_at", "2019-04-09 20:49:32.264204"], ["updated_at", "2019-04-09 20:49:32.264204"]]
  ↳ app/controllers/posts_controller.rb:9
  [1m[35m (0.3ms)[0m  [1m[31mROLLBACK[0m
  ↳ app/controllers/posts_controller.rb:9
Completed 500 Internal Server Error in 95ms (ActiveRecord: 27.9ms)



PG::NotNullViolation - ERROR:  null value in column "sub_id" violates not-null constraint
DETAIL:  Failing row contains (3, alot, akoteo, teojifjoe, null, 1, 2019-04-09 20:49:32.264204, 2019-04-09 20:49:32.264204).
:
  app/controllers/posts_controller.rb:9:in `create'

Started POST "/__better_errors/841490ee27ea2dea/variables" for ::1 at 2019-04-09 13:49:32 -0700
Started GET "/posts/new" for ::1 at 2019-04-09 13:49:36 -0700
Processing by PostsController#new as HTML
  Rendering posts/new.html.erb within layouts/application
  [1m[36mSub Load (0.5ms)[0m  [1m[34mSELECT "subs".* FROM "subs"[0m
  ↳ app/views/posts/new.html.erb:16
  Rendered posts/new.html.erb within layouts/application (50.7ms)
  [1m[36mUser Load (0.4ms)[0m  [1m[34mSELECT  "users".* FROM "users" WHERE "users"."session_token" = $1 LIMIT $2[0m  [["session_token", "0hu5D7fBURmmt16aGqmmMg"], ["LIMIT", 1]]
  ↳ app/controllers/application_controller.rb:9
Completed 200 OK in 198ms (Views: 164.5ms | ActiveRecord: 8.3ms)


Started POST "/posts" for ::1 at 2019-04-09 13:49:41 -0700
Processing by PostsController#create as HTML
  Parameters: {"authenticity_token"=>"7LGpvvzWLPPeYgF/7cbFgO5J/tK1yUnvZOTMM1pWgNwcTefRI8eMfAIRaxvt34NkCd6m7HB6WhKxTcWSriSGxQ==", "post"=>{"title"=>"eef", "url"=>"efff", "content"=>"fefefe", "sub_ids"=>["", "1", "2"]}}
Unpermitted parameter: :sub_ids
  [1m[36mUser Load (0.4ms)[0m  [1m[34mSELECT  "users".* FROM "users" WHERE "users"."session_token" = $1 LIMIT $2[0m  [["session_token", "0hu5D7fBURmmt16aGqmmMg"], ["LIMIT", 1]]
  ↳ app/controllers/application_controller.rb:9
  [1m[35m (0.2ms)[0m  [1m[35mBEGIN[0m
  ↳ app/controllers/posts_controller.rb:9
  [1m[36mUser Load (0.5ms)[0m  [1m[34mSELECT  "users".* FROM "users" WHERE "users"."id" = $1 LIMIT $2[0m  [["id", 1], ["LIMIT", 1]]
  ↳ app/controllers/posts_controller.rb:9
  [1m[36mPost Create (3.6ms)[0m  [1m[32mINSERT INTO "posts" ("title", "url", "content", "user_id", "created_at", "updated_at") VALUES ($1, $2, $3, $4, $5, $6) RETURNING "id"[0m  [["title", "eef"], ["url", "efff"], ["content", "fefefe"], ["user_id", 1], ["created_at", "2019-04-09 20:49:41.210357"], ["updated_at", "2019-04-09 20:49:41.210357"]]
  ↳ app/controllers/posts_controller.rb:9
  [1m[35m (0.3ms)[0m  [1m[31mROLLBACK[0m
  ↳ app/controllers/posts_controller.rb:9
Completed 500 Internal Server Error in 12ms (ActiveRecord: 4.9ms)



PG::NotNullViolation - ERROR:  null value in column "sub_id" violates not-null constraint
DETAIL:  Failing row contains (4, eef, efff, fefefe, null, 1, 2019-04-09 20:49:41.210357, 2019-04-09 20:49:41.210357).
:
  app/controllers/posts_controller.rb:9:in `create'

Started POST "/__better_errors/5212b66b8902050a/variables" for ::1 at 2019-04-09 13:49:41 -0700
  [1m[35m (0.4ms)[0m  [1m[34mSELECT pg_try_advisory_lock(6711173107426626090)[0m
  ↳ bin/rails:9
  [1m[35m (19.4ms)[0m  [1m[34mSELECT "schema_migrations"."version" FROM "schema_migrations" ORDER BY "schema_migrations"."version" ASC[0m
  ↳ bin/rails:9
Migrating to DropColumnOnPost (20190409205051)
  [1m[35m (0.3ms)[0m  [1m[35mBEGIN[0m
  ↳ bin/rails:9
  [1m[35m (125.9ms)[0m  [1m[35mALTER TABLE "posts" DROP COLUMN "sub_id"[0m
  ↳ db/migrate/20190409205051_drop_column_on_post.rb:3
  [1m[36mActiveRecord::SchemaMigration Create (0.6ms)[0m  [1m[32mINSERT INTO "schema_migrations" ("version") VALUES ($1) RETURNING "version"[0m  [["version", "20190409205051"]]
  ↳ bin/rails:9
  [1m[35m (13.9ms)[0m  [1m[35mCOMMIT[0m
  ↳ bin/rails:9
  [1m[36mActiveRecord::InternalMetadata Load (0.6ms)[0m  [1m[34mSELECT  "ar_internal_metadata".* FROM "ar_internal_metadata" WHERE "ar_internal_metadata"."key" = $1 LIMIT $2[0m  [["key", "environment"], ["LIMIT", 1]]
  ↳ bin/rails:9
  [1m[35m (0.3ms)[0m  [1m[35mBEGIN[0m
  ↳ bin/rails:9
  [1m[35m (0.3ms)[0m  [1m[35mCOMMIT[0m
  ↳ bin/rails:9
  [1m[35m (0.6ms)[0m  [1m[34mSELECT pg_advisory_unlock(6711173107426626090)[0m
  ↳ bin/rails:9
  [1m[35m (0.3ms)[0m  [1m[34mSELECT "schema_migrations"."version" FROM "schema_migrations" ORDER BY "schema_migrations"."version" ASC[0m
  ↳ bin/rails:9
Started POST "/posts" for ::1 at 2019-04-09 13:52:09 -0700
  [1m[35m (0.9ms)[0m  [1m[34mSELECT "schema_migrations"."version" FROM "schema_migrations" ORDER BY "schema_migrations"."version" ASC[0m
  ↳ /usr/local/var/rbenv/versions/2.5.1/lib/ruby/gems/2.5.0/gems/activerecord-5.2.3/lib/active_record/log_subscriber.rb:98
Processing by PostsController#create as HTML
  Parameters: {"authenticity_token"=>"7LGpvvzWLPPeYgF/7cbFgO5J/tK1yUnvZOTMM1pWgNwcTefRI8eMfAIRaxvt34NkCd6m7HB6WhKxTcWSriSGxQ==", "post"=>{"title"=>"eef", "url"=>"efff", "content"=>"fefefe", "sub_ids"=>["", "1", "2"]}}
Unpermitted parameter: :sub_ids
  [1m[36mUser Load (0.3ms)[0m  [1m[34mSELECT  "users".* FROM "users" WHERE "users"."session_token" = $1 LIMIT $2[0m  [["session_token", "0hu5D7fBURmmt16aGqmmMg"], ["LIMIT", 1]]
  ↳ app/controllers/application_controller.rb:9
  [1m[35m (0.3ms)[0m  [1m[35mBEGIN[0m
  ↳ app/controllers/posts_controller.rb:9
  [1m[36mUser Load (0.5ms)[0m  [1m[34mSELECT  "users".* FROM "users" WHERE "users"."id" = $1 LIMIT $2[0m  [["id", 1], ["LIMIT", 1]]
  ↳ app/controllers/posts_controller.rb:9
  [1m[36mPost Create (0.7ms)[0m  [1m[32mINSERT INTO "posts" ("title", "url", "content", "user_id", "created_at", "updated_at") VALUES ($1, $2, $3, $4, $5, $6) RETURNING "id"[0m  [["title", "eef"], ["url", "efff"], ["content", "fefefe"], ["user_id", 1], ["created_at", "2019-04-09 20:52:09.367683"], ["updated_at", "2019-04-09 20:52:09.367683"]]
  ↳ app/controllers/posts_controller.rb:9
  [1m[35m (0.5ms)[0m  [1m[35mCOMMIT[0m
  ↳ app/controllers/posts_controller.rb:9
Redirected to http://localhost:3000/posts/5
Completed 302 Found in 81ms (ActiveRecord: 13.6ms)


Started GET "/posts/5" for ::1 at 2019-04-09 13:52:09 -0700
Processing by PostsController#show as HTML
  Parameters: {"id"=>"5"}
  [1m[36mPost Load (0.8ms)[0m  [1m[34mSELECT  "posts".* FROM "posts" WHERE "posts"."id" = $1 LIMIT $2[0m  [["id", 5], ["LIMIT", 1]]
  ↳ app/controllers/posts_controller.rb:18
  Rendering posts/show.html.erb within layouts/application
  Rendered posts/show.html.erb within layouts/application (0.8ms)
  [1m[36mUser Load (0.4ms)[0m  [1m[34mSELECT  "users".* FROM "users" WHERE "users"."session_token" = $1 LIMIT $2[0m  [["session_token", "0hu5D7fBURmmt16aGqmmMg"], ["LIMIT", 1]]
  ↳ app/controllers/application_controller.rb:9
Completed 200 OK in 103ms (Views: 76.6ms | ActiveRecord: 1.2ms)


Started GET "/posts/5" for ::1 at 2019-04-09 13:52:32 -0700
Processing by PostsController#show as HTML
  Parameters: {"id"=>"5"}
  [1m[36mPost Load (0.5ms)[0m  [1m[34mSELECT  "posts".* FROM "posts" WHERE "posts"."id" = $1 LIMIT $2[0m  [["id", 5], ["LIMIT", 1]]
  ↳ app/controllers/posts_controller.rb:18
  Rendering posts/show.html.erb within layouts/application
  Rendered posts/show.html.erb within layouts/application (0.8ms)
  [1m[36mUser Load (0.3ms)[0m  [1m[34mSELECT  "users".* FROM "users" WHERE "users"."session_token" = $1 LIMIT $2[0m  [["session_token", "0hu5D7fBURmmt16aGqmmMg"], ["LIMIT", 1]]
  ↳ app/controllers/application_controller.rb:9
Completed 200 OK in 52ms (Views: 42.8ms | ActiveRecord: 0.9ms)


Started GET "/posts/5" for ::1 at 2019-04-09 13:55:33 -0700
Processing by PostsController#show as HTML
  Parameters: {"id"=>"5"}
  [1m[36mPost Load (0.6ms)[0m  [1m[34mSELECT  "posts".* FROM "posts" WHERE "posts"."id" = $1 LIMIT $2[0m  [["id", 5], ["LIMIT", 1]]
  ↳ app/controllers/posts_controller.rb:18
  Rendering posts/show.html.erb within layouts/application
  Rendered posts/show.html.erb within layouts/application (0.7ms)
  [1m[36mUser Load (0.3ms)[0m  [1m[34mSELECT  "users".* FROM "users" WHERE "users"."session_token" = $1 LIMIT $2[0m  [["session_token", "0hu5D7fBURmmt16aGqmmMg"], ["LIMIT", 1]]
  ↳ app/controllers/application_controller.rb:9
Completed 200 OK in 84ms (Views: 78.4ms | ActiveRecord: 1.0ms)


Started GET "/posts/5/edit" for ::1 at 2019-04-09 13:55:37 -0700
Processing by PostsController#edit as HTML
  Parameters: {"id"=>"5"}
  [1m[36mUser Load (0.4ms)[0m  [1m[34mSELECT  "users".* FROM "users" WHERE "users"."session_token" = $1 LIMIT $2[0m  [["session_token", "0hu5D7fBURmmt16aGqmmMg"], ["LIMIT", 1]]
  ↳ app/controllers/application_controller.rb:9
  [1m[36mPost Load (0.6ms)[0m  [1m[34mSELECT  "posts".* FROM "posts" WHERE "posts"."user_id" = $1 AND "posts"."id" = $2 LIMIT $3[0m  [["user_id", 1], ["id", 5], ["LIMIT", 1]]
  ↳ app/controllers/posts_controller.rb:22
  Rendering posts/edit.html.erb within layouts/application
  Rendered posts/edit.html.erb within layouts/application (0.3ms)
Completed 200 OK in 47ms (Views: 31.7ms | ActiveRecord: 1.0ms)


Started GET "/posts/5/edit" for ::1 at 2019-04-09 13:56:58 -0700
Processing by PostsController#edit as HTML
  Parameters: {"id"=>"5"}
  [1m[36mUser Load (0.3ms)[0m  [1m[34mSELECT  "users".* FROM "users" WHERE "users"."session_token" = $1 LIMIT $2[0m  [["session_token", "0hu5D7fBURmmt16aGqmmMg"], ["LIMIT", 1]]
  ↳ app/controllers/application_controller.rb:9
  [1m[36mPost Load (0.5ms)[0m  [1m[34mSELECT  "posts".* FROM "posts" WHERE "posts"."user_id" = $1 AND "posts"."id" = $2 LIMIT $3[0m  [["user_id", 1], ["id", 5], ["LIMIT", 1]]
  ↳ app/controllers/posts_controller.rb:22
  Rendering posts/edit.html.erb within layouts/application
  [1m[36mSub Load (0.6ms)[0m  [1m[34mSELECT "subs".* FROM "subs"[0m
  ↳ app/views/posts/edit.html.erb:17
  [1m[35m (1.0ms)[0m  [1m[34mSELECT "subs"."id" FROM "subs" INNER JOIN "post_subs" ON "subs"."id" = "post_subs"."sub_id" WHERE "post_subs"."post_id" = $1[0m  [["post_id", 5]]
  ↳ app/views/posts/edit.html.erb:23
  Rendered posts/edit.html.erb within layouts/application (105.8ms)
Completed 200 OK in 181ms (Views: 161.3ms | ActiveRecord: 13.6ms)


  [1m[36mPost Load (1.1ms)[0m  [1m[34mSELECT "posts".* FROM "posts"[0m
  [1m[36mPostSub Load (1.4ms)[0m  [1m[34mSELECT "post_subs".* FROM "post_subs"[0m
Started GET "/posts" for ::1 at 2019-04-09 13:58:11 -0700
  
ActionController::RoutingError (No route matches [GET] "/posts"):
  
actionpack (5.2.3) lib/action_dispatch/middleware/debug_exceptions.rb:65:in `call'
web-console (3.7.0) lib/web_console/middleware.rb:135:in `call_app'
web-console (3.7.0) lib/web_console/middleware.rb:30:in `block in call'
web-console (3.7.0) lib/web_console/middleware.rb:20:in `catch'
web-console (3.7.0) lib/web_console/middleware.rb:20:in `call'
actionpack (5.2.3) lib/action_dispatch/middleware/show_exceptions.rb:33:in `call'
railties (5.2.3) lib/rails/rack/logger.rb:38:in `call_app'
railties (5.2.3) lib/rails/rack/logger.rb:26:in `block in call'
activesupport (5.2.3) lib/active_support/tagged_logging.rb:71:in `block in tagged'
activesupport (5.2.3) lib/active_support/tagged_logging.rb:28:in `tagged'
activesupport (5.2.3) lib/active_support/tagged_logging.rb:71:in `tagged'
railties (5.2.3) lib/rails/rack/logger.rb:26:in `call'
sprockets-rails (3.2.1) lib/sprockets/rails/quiet_assets.rb:13:in `call'
actionpack (5.2.3) lib/action_dispatch/middleware/remote_ip.rb:81:in `call'
actionpack (5.2.3) lib/action_dispatch/middleware/request_id.rb:27:in `call'
rack (2.0.7) lib/rack/method_override.rb:22:in `call'
rack (2.0.7) lib/rack/runtime.rb:22:in `call'
activesupport (5.2.3) lib/active_support/cache/strategy/local_cache_middleware.rb:29:in `call'
actionpack (5.2.3) lib/action_dispatch/middleware/executor.rb:14:in `call'
actionpack (5.2.3) lib/action_dispatch/middleware/static.rb:127:in `call'
rack (2.0.7) lib/rack/sendfile.rb:111:in `call'
railties (5.2.3) lib/rails/engine.rb:524:in `call'
puma (3.12.1) lib/puma/configuration.rb:227:in `call'
puma (3.12.1) lib/puma/server.rb:660:in `handle_request'
puma (3.12.1) lib/puma/server.rb:474:in `process_client'
puma (3.12.1) lib/puma/server.rb:334:in `block in run'
puma (3.12.1) lib/puma/thread_pool.rb:135:in `block in spawn_thread'
Started GET "/session/new" for ::1 at 2019-04-09 13:58:16 -0700
Processing by SessionsController#new as HTML
  Rendering sessions/new.html.erb within layouts/application
  Rendered sessions/new.html.erb within layouts/application (0.8ms)
  [1m[36mUser Load (0.4ms)[0m  [1m[34mSELECT  "users".* FROM "users" WHERE "users"."session_token" = $1 LIMIT $2[0m  [["session_token", "0hu5D7fBURmmt16aGqmmMg"], ["LIMIT", 1]]
  ↳ app/controllers/application_controller.rb:9
Completed 200 OK in 109ms (Views: 54.9ms | ActiveRecord: 0.4ms)


Started POST "/session" for ::1 at 2019-04-09 13:58:23 -0700
Processing by SessionsController#create as HTML
  Parameters: {"authenticity_token"=>"AF+hUg+3xtVTlV3iXv/v5YVeO1WPkXWkI/baAtHZrn7wo+890KZmWo/mN4Ze5qkBYslja0oiZln2X9OjJauoZw==", "user"=>{"username"=>"yinglan", "password"=>"[FILTERED]"}}
  [1m[36mUser Load (0.4ms)[0m  [1m[34mSELECT  "users".* FROM "users" WHERE "users"."username" = $1 LIMIT $2[0m  [["username", "yinglan"], ["LIMIT", 1]]
  ↳ app/models/user.rb:38
  [1m[35m (0.3ms)[0m  [1m[35mBEGIN[0m
  ↳ app/models/user.rb:44
  [1m[36mUser Exists (0.7ms)[0m  [1m[34mSELECT  1 AS one FROM "users" WHERE "users"."username" = $1 AND "users"."id" != $2 LIMIT $3[0m  [["username", "yinglan"], ["id", 1], ["LIMIT", 1]]
  ↳ app/models/user.rb:44
  [1m[36mUser Exists (0.5ms)[0m  [1m[34mSELECT  1 AS one FROM "users" WHERE "users"."session_token" = $1 AND "users"."id" != $2 LIMIT $3[0m  [["session_token", "C6EjaEzrnHqxmSaI7Mr5IA"], ["id", 1], ["LIMIT", 1]]
  ↳ app/models/user.rb:44
  [1m[36mUser Update (0.6ms)[0m  [1m[33mUPDATE "users" SET "session_token" = $1, "updated_at" = $2 WHERE "users"."id" = $3[0m  [["session_token", "C6EjaEzrnHqxmSaI7Mr5IA"], ["updated_at", "2019-04-09 20:58:23.982979"], ["id", 1]]
  ↳ app/models/user.rb:44
  [1m[35m (0.4ms)[0m  [1m[35mCOMMIT[0m
  ↳ app/models/user.rb:44
Redirected to http://localhost:3000/subs
Completed 302 Found in 87ms (ActiveRecord: 2.8ms)


Started GET "/subs" for ::1 at 2019-04-09 13:58:23 -0700
Processing by SubsController#index as HTML
  [1m[36mUser Load (0.4ms)[0m  [1m[34mSELECT  "users".* FROM "users" WHERE "users"."session_token" = $1 LIMIT $2[0m  [["session_token", "C6EjaEzrnHqxmSaI7Mr5IA"], ["LIMIT", 1]]
  ↳ app/controllers/application_controller.rb:9
  Rendering subs/index.html.erb within layouts/application
  [1m[36mSub Load (0.6ms)[0m  [1m[34mSELECT "subs".* FROM "subs"[0m
  ↳ app/views/subs/index.html.erb:6
  Rendered subs/index.html.erb within layouts/application (3.8ms)
Completed 200 OK in 47ms (Views: 39.8ms | ActiveRecord: 1.1ms)


Started GET "/subs/1" for ::1 at 2019-04-09 13:58:28 -0700
Processing by SubsController#show as HTML
  Parameters: {"id"=>"1"}
  [1m[36mUser Load (0.4ms)[0m  [1m[34mSELECT  "users".* FROM "users" WHERE "users"."session_token" = $1 LIMIT $2[0m  [["session_token", "C6EjaEzrnHqxmSaI7Mr5IA"], ["LIMIT", 1]]
  ↳ app/controllers/application_controller.rb:9
  [1m[36mSub Load (0.9ms)[0m  [1m[34mSELECT  "subs".* FROM "subs" WHERE "subs"."id" = $1 LIMIT $2[0m  [["id", 1], ["LIMIT", 1]]
  ↳ app/controllers/subs_controller.rb:39
  Rendering subs/show.html.erb within layouts/application
  [1m[36mPost Load (0.7ms)[0m  [1m[34mSELECT "posts".* FROM "posts" INNER JOIN "post_subs" ON "posts"."id" = "post_subs"."post_id" WHERE "post_subs"."sub_id" = $1[0m  [["sub_id", 1]]
  ↳ app/views/subs/show.html.erb:10
  Rendered subs/show.html.erb within layouts/application (8.1ms)
Completed 200 OK in 79ms (Views: 45.1ms | ActiveRecord: 2.0ms)


Started GET "/posts/1" for ::1 at 2019-04-09 13:58:31 -0700
Processing by PostsController#show as HTML
  Parameters: {"id"=>"1"}
  [1m[36mPost Load (1.7ms)[0m  [1m[34mSELECT  "posts".* FROM "posts" WHERE "posts"."id" = $1 LIMIT $2[0m  [["id", 1], ["LIMIT", 1]]
  ↳ app/controllers/posts_controller.rb:18
  Rendering posts/show.html.erb within layouts/application
  Rendered posts/show.html.erb within layouts/application (0.9ms)
  [1m[36mUser Load (0.4ms)[0m  [1m[34mSELECT  "users".* FROM "users" WHERE "users"."session_token" = $1 LIMIT $2[0m  [["session_token", "C6EjaEzrnHqxmSaI7Mr5IA"], ["LIMIT", 1]]
  ↳ app/controllers/application_controller.rb:9
Completed 200 OK in 55ms (Views: 45.2ms | ActiveRecord: 2.0ms)


  [1m[36mPost Load (0.5ms)[0m  [1m[34mSELECT  "posts".* FROM "posts" ORDER BY "posts"."id" ASC LIMIT $1[0m  [["LIMIT", 1]]
  [1m[35m (1.0ms)[0m  [1m[34mSELECT "subs"."id" FROM "subs" INNER JOIN "post_subs" ON "subs"."id" = "post_subs"."sub_id" WHERE "post_subs"."post_id" = $1[0m  [["post_id", 1]]
  [1m[36mPost Load (0.5ms)[0m  [1m[34mSELECT  "posts".* FROM "posts" ORDER BY "posts"."id" DESC LIMIT $1[0m  [["LIMIT", 1]]
  [1m[35m (0.7ms)[0m  [1m[34mSELECT "subs"."id" FROM "subs" INNER JOIN "post_subs" ON "subs"."id" = "post_subs"."sub_id" WHERE "post_subs"."post_id" = $1[0m  [["post_id", 5]]
Started GET "/posts/new" for ::1 at 2019-04-09 14:02:40 -0700
Processing by PostsController#new as HTML
  Rendering posts/new.html.erb within layouts/application
  [1m[36mSub Load (0.6ms)[0m  [1m[34mSELECT "subs".* FROM "subs"[0m
  ↳ app/views/posts/new.html.erb:16
  Rendered posts/new.html.erb within layouts/application (47.1ms)
  [1m[36mUser Load (0.3ms)[0m  [1m[34mSELECT  "users".* FROM "users" WHERE "users"."session_token" = $1 LIMIT $2[0m  [["session_token", "C6EjaEzrnHqxmSaI7Mr5IA"], ["LIMIT", 1]]
  ↳ app/controllers/application_controller.rb:9
Completed 200 OK in 239ms (Views: 173.9ms | ActiveRecord: 21.6ms)


Started POST "/posts" for ::1 at 2019-04-09 14:02:49 -0700
Processing by PostsController#create as HTML
  Parameters: {"authenticity_token"=>"CauVsHbUgfJsn1Iok1ozcehZBcozRsm/M3bNs4VxFbj5V9vfqcUhfbDsOEyTQ3WVD85d9Pb12kLm38QScQMToQ==", "post"=>{"title"=>"sajkfl", "url"=>"fkjas;lgdh", "content"=>"l;ad goa", "sub_ids"=>["", "1", "2"]}}
  [1m[36mSub Load (1.4ms)[0m  [1m[34mSELECT "subs".* FROM "subs" WHERE "subs"."id" IN ($1, $2)[0m  [["id", 1], ["id", 2]]
  ↳ app/controllers/posts_controller.rb:7
  [1m[36mUser Load (0.3ms)[0m  [1m[34mSELECT  "users".* FROM "users" WHERE "users"."session_token" = $1 LIMIT $2[0m  [["session_token", "C6EjaEzrnHqxmSaI7Mr5IA"], ["LIMIT", 1]]
  ↳ app/controllers/application_controller.rb:9
  [1m[35m (0.2ms)[0m  [1m[35mBEGIN[0m
  ↳ app/controllers/posts_controller.rb:9
  [1m[36mUser Load (0.5ms)[0m  [1m[34mSELECT  "users".* FROM "users" WHERE "users"."id" = $1 LIMIT $2[0m  [["id", 1], ["LIMIT", 1]]
  ↳ app/controllers/posts_controller.rb:9
  [1m[36mCACHE User Load (0.0ms)[0m  [1m[34mSELECT  "users".* FROM "users" WHERE "users"."id" = $1 LIMIT $2[0m  [["id", 1], ["LIMIT", 1]]
  ↳ app/controllers/posts_controller.rb:9
  [1m[36mCACHE User Load (0.0ms)[0m  [1m[34mSELECT  "users".* FROM "users" WHERE "users"."id" = $1 LIMIT $2[0m  [["id", 1], ["LIMIT", 1]]
  ↳ app/controllers/posts_controller.rb:9
  [1m[36mPost Create (0.6ms)[0m  [1m[32mINSERT INTO "posts" ("title", "url", "content", "user_id", "created_at", "updated_at") VALUES ($1, $2, $3, $4, $5, $6) RETURNING "id"[0m  [["title", "sajkfl"], ["url", "fkjas;lgdh"], ["content", "l;ad goa"], ["user_id", 1], ["created_at", "2019-04-09 21:02:49.610198"], ["updated_at", "2019-04-09 21:02:49.610198"]]
  ↳ app/controllers/posts_controller.rb:9
  [1m[36mPostSub Create (0.8ms)[0m  [1m[32mINSERT INTO "post_subs" ("post_id", "sub_id") VALUES ($1, $2) RETURNING "id"[0m  [["post_id", 6], ["sub_id", 1]]
  ↳ app/controllers/posts_controller.rb:9
  [1m[36mPostSub Create (1.3ms)[0m  [1m[32mINSERT INTO "post_subs" ("post_id", "sub_id") VALUES ($1, $2) RETURNING "id"[0m  [["post_id", 6], ["sub_id", 2]]
  ↳ app/controllers/posts_controller.rb:9
  [1m[35m (1.7ms)[0m  [1m[35mCOMMIT[0m
  ↳ app/controllers/posts_controller.rb:9
Redirected to http://localhost:3000/posts/6
Completed 302 Found in 42ms (ActiveRecord: 9.6ms)


Started GET "/posts/6" for ::1 at 2019-04-09 14:02:49 -0700
Processing by PostsController#show as HTML
  Parameters: {"id"=>"6"}
  [1m[36mPost Load (0.5ms)[0m  [1m[34mSELECT  "posts".* FROM "posts" WHERE "posts"."id" = $1 LIMIT $2[0m  [["id", 6], ["LIMIT", 1]]
  ↳ app/controllers/posts_controller.rb:18
  Rendering posts/show.html.erb within layouts/application
  Rendered posts/show.html.erb within layouts/application (0.7ms)
  [1m[36mUser Load (0.3ms)[0m  [1m[34mSELECT  "users".* FROM "users" WHERE "users"."session_token" = $1 LIMIT $2[0m  [["session_token", "C6EjaEzrnHqxmSaI7Mr5IA"], ["LIMIT", 1]]
  ↳ app/controllers/application_controller.rb:9
Completed 200 OK in 61ms (Views: 45.9ms | ActiveRecord: 0.9ms)


Started GET "/posts/6/edit" for ::1 at 2019-04-09 14:02:51 -0700
Processing by PostsController#edit as HTML
  Parameters: {"id"=>"6"}
  [1m[36mUser Load (0.4ms)[0m  [1m[34mSELECT  "users".* FROM "users" WHERE "users"."session_token" = $1 LIMIT $2[0m  [["session_token", "C6EjaEzrnHqxmSaI7Mr5IA"], ["LIMIT", 1]]
  ↳ app/controllers/application_controller.rb:9
  [1m[36mPost Load (1.1ms)[0m  [1m[34mSELECT  "posts".* FROM "posts" WHERE "posts"."user_id" = $1 AND "posts"."id" = $2 LIMIT $3[0m  [["user_id", 1], ["id", 6], ["LIMIT", 1]]
  ↳ app/controllers/posts_controller.rb:22
  Rendering posts/edit.html.erb within layouts/application
  [1m[36mSub Load (0.7ms)[0m  [1m[34mSELECT "subs".* FROM "subs"[0m
  ↳ app/views/posts/edit.html.erb:17
  [1m[35m (0.7ms)[0m  [1m[34mSELECT "subs"."id" FROM "subs" INNER JOIN "post_subs" ON "subs"."id" = "post_subs"."sub_id" WHERE "post_subs"."post_id" = $1[0m  [["post_id", 6]]
  ↳ app/views/posts/edit.html.erb:23
  Rendered posts/edit.html.erb within layouts/application (5.8ms)
Completed 200 OK in 71ms (Views: 34.8ms | ActiveRecord: 2.8ms)


Started PATCH "/posts/6" for ::1 at 2019-04-09 14:02:55 -0700
Processing by PostsController#update as HTML
  Parameters: {"authenticity_token"=>"GllOo4wLdrD/MwBh6x2Cs2c7vSbbAG7m0g+oejcS/3PqpQDMUxrWPyNAagXrBMRXgKzlGB6zfRsHpqHbw2D5ag==", "post"=>{"title"=>"sajkfl", "url"=>"fkjas;lgdh", "content"=>"l;ad goa", "sub_ids"=>["", "1", "2"]}, "id"=>"6"}
  [1m[36mUser Load (0.3ms)[0m  [1m[34mSELECT  "users".* FROM "users" WHERE "users"."session_token" = $1 LIMIT $2[0m  [["session_token", "C6EjaEzrnHqxmSaI7Mr5IA"], ["LIMIT", 1]]
  ↳ app/controllers/application_controller.rb:9
  [1m[36mPost Load (0.5ms)[0m  [1m[34mSELECT  "posts".* FROM "posts" WHERE "posts"."user_id" = $1 AND "posts"."id" = $2 LIMIT $3[0m  [["user_id", 1], ["id", 6], ["LIMIT", 1]]
  ↳ app/controllers/posts_controller.rb:26
  [1m[35m (0.2ms)[0m  [1m[35mBEGIN[0m
  ↳ app/controllers/posts_controller.rb:27
  [1m[36mSub Load (0.5ms)[0m  [1m[34mSELECT "subs".* FROM "subs" WHERE "subs"."id" IN ($1, $2)[0m  [["id", 1], ["id", 2]]
  ↳ app/controllers/posts_controller.rb:27
  [1m[36mSub Load (0.6ms)[0m  [1m[34mSELECT "subs".* FROM "subs" INNER JOIN "post_subs" ON "subs"."id" = "post_subs"."sub_id" WHERE "post_subs"."post_id" = $1[0m  [["post_id", 6]]
  ↳ app/controllers/posts_controller.rb:27
  [1m[36mUser Load (0.4ms)[0m  [1m[34mSELECT  "users".* FROM "users" WHERE "users"."id" = $1 LIMIT $2[0m  [["id", 1], ["LIMIT", 1]]
  ↳ app/controllers/posts_controller.rb:27
  [1m[35m (0.2ms)[0m  [1m[35mCOMMIT[0m
  ↳ app/controllers/posts_controller.rb:27
Redirected to http://localhost:3000/posts/6
Completed 302 Found in 13ms (ActiveRecord: 2.7ms)


Started GET "/posts/6" for ::1 at 2019-04-09 14:02:55 -0700
Processing by PostsController#show as HTML
  Parameters: {"id"=>"6"}
  [1m[36mPost Load (0.5ms)[0m  [1m[34mSELECT  "posts".* FROM "posts" WHERE "posts"."id" = $1 LIMIT $2[0m  [["id", 6], ["LIMIT", 1]]
  ↳ app/controllers/posts_controller.rb:18
  Rendering posts/show.html.erb within layouts/application
  Rendered posts/show.html.erb within layouts/application (0.7ms)
  [1m[36mUser Load (0.3ms)[0m  [1m[34mSELECT  "users".* FROM "users" WHERE "users"."session_token" = $1 LIMIT $2[0m  [["session_token", "C6EjaEzrnHqxmSaI7Mr5IA"], ["LIMIT", 1]]
  ↳ app/controllers/application_controller.rb:9
Completed 200 OK in 40ms (Views: 34.5ms | ActiveRecord: 0.9ms)


Started PATCH "/posts/6" for ::1 at 2019-04-09 14:08:14 -0700
Processing by PostsController#update as HTML
  Parameters: {"authenticity_token"=>"BkxImawok59EEqiSerozbxdOSLvkI6fQg89glZVdZPj2sAb2czkzEJhhwvZ6o3WL8NkQhSGQtC1WZmk0YS9i4Q==", "post"=>{"title"=>"sajkfl", "url"=>"fkjas;lgdh", "content"=>"l;ad goa", "sub_ids"=>["", "1", "2"]}, "id"=>"6"}
  [1m[36mUser Load (1.0ms)[0m  [1m[34mSELECT  "users".* FROM "users" WHERE "users"."session_token" = $1 LIMIT $2[0m  [["session_token", "C6EjaEzrnHqxmSaI7Mr5IA"], ["LIMIT", 1]]
  ↳ app/controllers/application_controller.rb:9
  [1m[36mPost Load (0.7ms)[0m  [1m[34mSELECT  "posts".* FROM "posts" WHERE "posts"."user_id" = $1 AND "posts"."id" = $2 LIMIT $3[0m  [["user_id", 1], ["id", 6], ["LIMIT", 1]]
  ↳ app/controllers/posts_controller.rb:26
  [1m[35m (0.2ms)[0m  [1m[35mBEGIN[0m
  ↳ app/controllers/posts_controller.rb:27
  [1m[36mSub Load (1.2ms)[0m  [1m[34mSELECT "subs".* FROM "subs" WHERE "subs"."id" IN ($1, $2)[0m  [["id", 1], ["id", 2]]
  ↳ app/controllers/posts_controller.rb:27
  [1m[36mSub Load (1.1ms)[0m  [1m[34mSELECT "subs".* FROM "subs" INNER JOIN "post_subs" ON "subs"."id" = "post_subs"."sub_id" WHERE "post_subs"."post_id" = $1[0m  [["post_id", 6]]
  ↳ app/controllers/posts_controller.rb:27
  [1m[36mUser Load (0.4ms)[0m  [1m[34mSELECT  "users".* FROM "users" WHERE "users"."id" = $1 LIMIT $2[0m  [["id", 1], ["LIMIT", 1]]
  ↳ app/controllers/posts_controller.rb:27
  [1m[35m (0.2ms)[0m  [1m[35mCOMMIT[0m
  ↳ app/controllers/posts_controller.rb:27
Redirected to http://localhost:3000/posts/6
Completed 302 Found in 19ms (ActiveRecord: 5.2ms)


Started GET "/posts/6" for ::1 at 2019-04-09 14:08:14 -0700
Processing by PostsController#show as HTML
  Parameters: {"id"=>"6"}
  [1m[36mPost Load (0.4ms)[0m  [1m[34mSELECT  "posts".* FROM "posts" WHERE "posts"."id" = $1 LIMIT $2[0m  [["id", 6], ["LIMIT", 1]]
  ↳ app/controllers/posts_controller.rb:18
  Rendering posts/show.html.erb within layouts/application
  Rendered posts/show.html.erb within layouts/application (1.0ms)
  [1m[36mUser Load (0.7ms)[0m  [1m[34mSELECT  "users".* FROM "users" WHERE "users"."session_token" = $1 LIMIT $2[0m  [["session_token", "C6EjaEzrnHqxmSaI7Mr5IA"], ["LIMIT", 1]]
  ↳ app/controllers/application_controller.rb:9
Completed 200 OK in 171ms (Views: 150.1ms | ActiveRecord: 1.1ms)


Started GET "/posts/6" for ::1 at 2019-04-09 14:13:57 -0700
Processing by PostsController#show as HTML
  Parameters: {"id"=>"6"}
  [1m[36mPost Load (0.7ms)[0m  [1m[34mSELECT  "posts".* FROM "posts" WHERE "posts"."id" = $1 LIMIT $2[0m  [["id", 6], ["LIMIT", 1]]
  ↳ app/controllers/posts_controller.rb:18
  Rendering posts/show.html.erb within layouts/application
  Rendered posts/show.html.erb within layouts/application (10.5ms)
Completed 500 Internal Server Error in 29ms (ActiveRecord: 0.7ms)



NoMethodError - undefined method `sub' for #<Post:0x00007fe0cd637b70>
Did you mean?  subs:
  app/views/posts/show.html.erb:4:in `_app_views_posts_show_html_erb___3490809785814060157_70301747619200'

Started POST "/__better_errors/4fa333491f885f05/variables" for ::1 at 2019-04-09 14:13:57 -0700
Started PATCH "/posts/6" for ::1 at 2019-04-09 14:15:53 -0700
Processing by PostsController#update as HTML
  Parameters: {"authenticity_token"=>"BkxImawok59EEqiSerozbxdOSLvkI6fQg89glZVdZPj2sAb2czkzEJhhwvZ6o3WL8NkQhSGQtC1WZmk0YS9i4Q==", "post"=>{"title"=>"sajkfl", "url"=>"fkjas;lgdh", "content"=>"l;ad goa", "sub_ids"=>["", "1", "2"]}, "id"=>"6"}
  [1m[36mUser Load (0.9ms)[0m  [1m[34mSELECT  "users".* FROM "users" WHERE "users"."session_token" = $1 LIMIT $2[0m  [["session_token", "C6EjaEzrnHqxmSaI7Mr5IA"], ["LIMIT", 1]]
  ↳ app/controllers/application_controller.rb:9
  [1m[36mPost Load (0.7ms)[0m  [1m[34mSELECT  "posts".* FROM "posts" WHERE "posts"."user_id" = $1 AND "posts"."id" = $2 LIMIT $3[0m  [["user_id", 1], ["id", 6], ["LIMIT", 1]]
  ↳ app/controllers/posts_controller.rb:26
  [1m[35m (0.2ms)[0m  [1m[35mBEGIN[0m
  ↳ app/controllers/posts_controller.rb:27
  [1m[36mSub Load (0.8ms)[0m  [1m[34mSELECT "subs".* FROM "subs" WHERE "subs"."id" IN ($1, $2)[0m  [["id", 1], ["id", 2]]
  ↳ app/controllers/posts_controller.rb:27
  [1m[36mSub Load (0.8ms)[0m  [1m[34mSELECT "subs".* FROM "subs" INNER JOIN "post_subs" ON "subs"."id" = "post_subs"."sub_id" WHERE "post_subs"."post_id" = $1[0m  [["post_id", 6]]
  ↳ app/controllers/posts_controller.rb:27
  [1m[36mUser Load (0.4ms)[0m  [1m[34mSELECT  "users".* FROM "users" WHERE "users"."id" = $1 LIMIT $2[0m  [["id", 1], ["LIMIT", 1]]
  ↳ app/controllers/posts_controller.rb:27
  [1m[35m (0.2ms)[0m  [1m[35mCOMMIT[0m
  ↳ app/controllers/posts_controller.rb:27
Redirected to http://localhost:3000/posts/6
Completed 302 Found in 15ms (ActiveRecord: 4.1ms)


Started GET "/posts/6" for ::1 at 2019-04-09 14:15:53 -0700
Processing by PostsController#show as HTML
  Parameters: {"id"=>"6"}
  [1m[36mPost Load (0.5ms)[0m  [1m[34mSELECT  "posts".* FROM "posts" WHERE "posts"."id" = $1 LIMIT $2[0m  [["id", 6], ["LIMIT", 1]]
  ↳ app/controllers/posts_controller.rb:18
  Rendering posts/show.html.erb within layouts/application
  [1m[36mSub Load (0.9ms)[0m  [1m[34mSELECT "subs".* FROM "subs" INNER JOIN "post_subs" ON "subs"."id" = "post_subs"."sub_id" WHERE "post_subs"."post_id" = $1[0m  [["post_id", 6]]
  ↳ app/views/posts/show.html.erb:7
  Rendered posts/show.html.erb within layouts/application (3.4ms)
  [1m[36mUser Load (0.5ms)[0m  [1m[34mSELECT  "users".* FROM "users" WHERE "users"."session_token" = $1 LIMIT $2[0m  [["session_token", "C6EjaEzrnHqxmSaI7Mr5IA"], ["LIMIT", 1]]
  ↳ app/controllers/application_controller.rb:9
Completed 200 OK in 115ms (Views: 107.6ms | ActiveRecord: 1.9ms)


Started GET "/subs/1" for ::1 at 2019-04-09 14:15:55 -0700
Processing by SubsController#show as HTML
  Parameters: {"id"=>"1"}
  [1m[36mUser Load (0.6ms)[0m  [1m[34mSELECT  "users".* FROM "users" WHERE "users"."session_token" = $1 LIMIT $2[0m  [["session_token", "C6EjaEzrnHqxmSaI7Mr5IA"], ["LIMIT", 1]]
  ↳ app/controllers/application_controller.rb:9
  [1m[36mSub Load (0.4ms)[0m  [1m[34mSELECT  "subs".* FROM "subs" WHERE "subs"."id" = $1 LIMIT $2[0m  [["id", 1], ["LIMIT", 1]]
  ↳ app/controllers/subs_controller.rb:39
  Rendering subs/show.html.erb within layouts/application
  [1m[36mPost Load (0.7ms)[0m  [1m[34mSELECT "posts".* FROM "posts" INNER JOIN "post_subs" ON "posts"."id" = "post_subs"."post_id" WHERE "post_subs"."sub_id" = $1[0m  [["sub_id", 1]]
  ↳ app/views/subs/show.html.erb:10
  Rendered subs/show.html.erb within layouts/application (6.4ms)
Completed 200 OK in 71ms (Views: 34.6ms | ActiveRecord: 1.7ms)


Started GET "/posts/1" for ::1 at 2019-04-09 14:16:00 -0700
Processing by PostsController#show as HTML
  Parameters: {"id"=>"1"}
  [1m[36mPost Load (2.6ms)[0m  [1m[34mSELECT  "posts".* FROM "posts" WHERE "posts"."id" = $1 LIMIT $2[0m  [["id", 1], ["LIMIT", 1]]
  ↳ app/controllers/posts_controller.rb:18
  Rendering posts/show.html.erb within layouts/application
  [1m[36mSub Load (1.0ms)[0m  [1m[34mSELECT "subs".* FROM "subs" INNER JOIN "post_subs" ON "subs"."id" = "post_subs"."sub_id" WHERE "post_subs"."post_id" = $1[0m  [["post_id", 1]]
  ↳ app/views/posts/show.html.erb:7
  Rendered posts/show.html.erb within layouts/application (3.9ms)
  [1m[36mUser Load (0.6ms)[0m  [1m[34mSELECT  "users".* FROM "users" WHERE "users"."session_token" = $1 LIMIT $2[0m  [["session_token", "C6EjaEzrnHqxmSaI7Mr5IA"], ["LIMIT", 1]]
  ↳ app/controllers/application_controller.rb:9
Completed 200 OK in 50ms (Views: 38.8ms | ActiveRecord: 4.1ms)


Started GET "/posts/1" for ::1 at 2019-04-09 14:16:19 -0700
Processing by PostsController#show as HTML
  Parameters: {"id"=>"1"}
  [1m[36mPost Load (0.6ms)[0m  [1m[34mSELECT  "posts".* FROM "posts" WHERE "posts"."id" = $1 LIMIT $2[0m  [["id", 1], ["LIMIT", 1]]
  ↳ app/controllers/posts_controller.rb:18
  Rendering posts/show.html.erb within layouts/application
  [1m[36mSub Load (0.8ms)[0m  [1m[34mSELECT "subs".* FROM "subs" INNER JOIN "post_subs" ON "subs"."id" = "post_subs"."sub_id" WHERE "post_subs"."post_id" = $1[0m  [["post_id", 1]]
  ↳ app/views/posts/show.html.erb:7
  Rendered posts/show.html.erb within layouts/application (3.4ms)
  [1m[36mUser Load (0.4ms)[0m  [1m[34mSELECT  "users".* FROM "users" WHERE "users"."session_token" = $1 LIMIT $2[0m  [["session_token", "C6EjaEzrnHqxmSaI7Mr5IA"], ["LIMIT", 1]]
  ↳ app/controllers/application_controller.rb:9
Completed 200 OK in 65ms (Views: 46.9ms | ActiveRecord: 1.7ms)


